<?xml version="1.0" encoding="UTF-8"?>
<testsuite xmlns:xsi="http://www.w3.org/2001/XMLSchema-instance" xsi:noNamespaceSchemaLocation="https://maven.apache.org/surefire/maven-surefire-plugin/xsd/surefire-test-report.xsd" name="org.springdoc.demo.auth.ContextIntegrationTest" time="11.071" tests="1" errors="0" skipped="0" failures="0">
  <properties>
    <property name="sun.desktop" value="windows"/>
    <property name="awt.toolkit" value="sun.awt.windows.WToolkit"/>
    <property name="file.encoding.pkg" value="sun.io"/>
    <property name="java.specification.version" value="1.8"/>
    <property name="sun.cpu.isalist" value="amd64"/>
    <property name="sun.jnu.encoding" value="Cp1252"/>
    <property name="java.class.path" value="C:\partage\workspaces\workspace-ddd\spring-doc-review\springdoc-openapi-demos\sample-springdoc-openapi-oauth2\oauth-authorization-server\target\test-classes;C:\partage\workspaces\workspace-ddd\spring-doc-review\springdoc-openapi-demos\sample-springdoc-openapi-oauth2\oauth-authorization-server\target\classes;C:\partage\repo\org\springframework\boot\spring-boot-starter-web\2.2.2.RELEASE\spring-boot-starter-web-2.2.2.RELEASE.jar;C:\partage\repo\org\springframework\boot\spring-boot-starter\2.2.2.RELEASE\spring-boot-starter-2.2.2.RELEASE.jar;C:\partage\repo\org\springframework\boot\spring-boot-starter-logging\2.2.2.RELEASE\spring-boot-starter-logging-2.2.2.RELEASE.jar;C:\partage\repo\ch\qos\logback\logback-classic\1.2.3\logback-classic-1.2.3.jar;C:\partage\repo\ch\qos\logback\logback-core\1.2.3\logback-core-1.2.3.jar;C:\partage\repo\org\apache\logging\log4j\log4j-to-slf4j\2.12.1\log4j-to-slf4j-2.12.1.jar;C:\partage\repo\org\apache\logging\log4j\log4j-api\2.12.1\log4j-api-2.12.1.jar;C:\partage\repo\org\slf4j\jul-to-slf4j\1.7.29\jul-to-slf4j-1.7.29.jar;C:\partage\repo\jakarta\annotation\jakarta.annotation-api\1.3.5\jakarta.annotation-api-1.3.5.jar;C:\partage\repo\org\yaml\snakeyaml\1.25\snakeyaml-1.25.jar;C:\partage\repo\org\springframework\boot\spring-boot-starter-json\2.2.2.RELEASE\spring-boot-starter-json-2.2.2.RELEASE.jar;C:\partage\repo\com\fasterxml\jackson\datatype\jackson-datatype-jdk8\2.10.1\jackson-datatype-jdk8-2.10.1.jar;C:\partage\repo\com\fasterxml\jackson\datatype\jackson-datatype-jsr310\2.10.1\jackson-datatype-jsr310-2.10.1.jar;C:\partage\repo\com\fasterxml\jackson\module\jackson-module-parameter-names\2.10.1\jackson-module-parameter-names-2.10.1.jar;C:\partage\repo\org\springframework\boot\spring-boot-starter-tomcat\2.2.2.RELEASE\spring-boot-starter-tomcat-2.2.2.RELEASE.jar;C:\partage\repo\org\apache\tomcat\embed\tomcat-embed-core\9.0.29\tomcat-embed-core-9.0.29.jar;C:\partage\repo\org\apache\tomcat\embed\tomcat-embed-el\9.0.29\tomcat-embed-el-9.0.29.jar;C:\partage\repo\org\apache\tomcat\embed\tomcat-embed-websocket\9.0.29\tomcat-embed-websocket-9.0.29.jar;C:\partage\repo\org\springframework\boot\spring-boot-starter-validation\2.2.2.RELEASE\spring-boot-starter-validation-2.2.2.RELEASE.jar;C:\partage\repo\jakarta\validation\jakarta.validation-api\2.0.1\jakarta.validation-api-2.0.1.jar;C:\partage\repo\org\hibernate\validator\hibernate-validator\6.0.18.Final\hibernate-validator-6.0.18.Final.jar;C:\partage\repo\org\springframework\spring-web\5.2.2.RELEASE\spring-web-5.2.2.RELEASE.jar;C:\partage\repo\org\springframework\spring-beans\5.2.2.RELEASE\spring-beans-5.2.2.RELEASE.jar;C:\partage\repo\org\springframework\spring-webmvc\5.2.2.RELEASE\spring-webmvc-5.2.2.RELEASE.jar;C:\partage\repo\org\springframework\spring-aop\5.2.2.RELEASE\spring-aop-5.2.2.RELEASE.jar;C:\partage\repo\org\springframework\spring-context\5.2.2.RELEASE\spring-context-5.2.2.RELEASE.jar;C:\partage\repo\org\springframework\spring-expression\5.2.2.RELEASE\spring-expression-5.2.2.RELEASE.jar;C:\partage\repo\org\springframework\boot\spring-boot-starter-actuator\2.2.2.RELEASE\spring-boot-starter-actuator-2.2.2.RELEASE.jar;C:\partage\repo\org\springframework\boot\spring-boot-actuator-autoconfigure\2.2.2.RELEASE\spring-boot-actuator-autoconfigure-2.2.2.RELEASE.jar;C:\partage\repo\org\springframework\boot\spring-boot-actuator\2.2.2.RELEASE\spring-boot-actuator-2.2.2.RELEASE.jar;C:\partage\repo\io\micrometer\micrometer-core\1.3.1\micrometer-core-1.3.1.jar;C:\partage\repo\org\hdrhistogram\HdrHistogram\2.1.11\HdrHistogram-2.1.11.jar;C:\partage\repo\org\latencyutils\LatencyUtils\2.0.3\LatencyUtils-2.0.3.jar;C:\partage\repo\org\springframework\boot\spring-boot-devtools\2.2.2.RELEASE\spring-boot-devtools-2.2.2.RELEASE.jar;C:\partage\repo\org\springframework\boot\spring-boot\2.2.2.RELEASE\spring-boot-2.2.2.RELEASE.jar;C:\partage\repo\org\springframework\boot\spring-boot-autoconfigure\2.2.2.RELEASE\spring-boot-autoconfigure-2.2.2.RELEASE.jar;C:\partage\repo\org\springframework\boot\spring-boot-starter-data-jpa\2.2.2.RELEASE\spring-boot-starter-data-jpa-2.2.2.RELEASE.jar;C:\partage\repo\org\springframework\boot\spring-boot-starter-aop\2.2.2.RELEASE\spring-boot-starter-aop-2.2.2.RELEASE.jar;C:\partage\repo\org\aspectj\aspectjweaver\1.9.5\aspectjweaver-1.9.5.jar;C:\partage\repo\org\springframework\boot\spring-boot-starter-jdbc\2.2.2.RELEASE\spring-boot-starter-jdbc-2.2.2.RELEASE.jar;C:\partage\repo\com\zaxxer\HikariCP\3.4.1\HikariCP-3.4.1.jar;C:\partage\repo\org\springframework\spring-jdbc\5.2.2.RELEASE\spring-jdbc-5.2.2.RELEASE.jar;C:\partage\repo\jakarta\activation\jakarta.activation-api\1.2.1\jakarta.activation-api-1.2.1.jar;C:\partage\repo\jakarta\persistence\jakarta.persistence-api\2.2.3\jakarta.persistence-api-2.2.3.jar;C:\partage\repo\jakarta\transaction\jakarta.transaction-api\1.3.3\jakarta.transaction-api-1.3.3.jar;C:\partage\repo\org\hibernate\hibernate-core\5.4.9.Final\hibernate-core-5.4.9.Final.jar;C:\partage\repo\org\javassist\javassist\3.24.0-GA\javassist-3.24.0-GA.jar;C:\partage\repo\net\bytebuddy\byte-buddy\1.10.4\byte-buddy-1.10.4.jar;C:\partage\repo\antlr\antlr\2.7.7\antlr-2.7.7.jar;C:\partage\repo\org\jboss\jandex\2.1.1.Final\jandex-2.1.1.Final.jar;C:\partage\repo\com\fasterxml\classmate\1.5.1\classmate-1.5.1.jar;C:\partage\repo\org\dom4j\dom4j\2.1.1\dom4j-2.1.1.jar;C:\partage\repo\org\hibernate\common\hibernate-commons-annotations\5.1.0.Final\hibernate-commons-annotations-5.1.0.Final.jar;C:\partage\repo\org\springframework\data\spring-data-jpa\2.2.3.RELEASE\spring-data-jpa-2.2.3.RELEASE.jar;C:\partage\repo\org\springframework\data\spring-data-commons\2.2.3.RELEASE\spring-data-commons-2.2.3.RELEASE.jar;C:\partage\repo\org\springframework\spring-orm\5.2.2.RELEASE\spring-orm-5.2.2.RELEASE.jar;C:\partage\repo\org\springframework\spring-tx\5.2.2.RELEASE\spring-tx-5.2.2.RELEASE.jar;C:\partage\repo\org\slf4j\slf4j-api\1.7.29\slf4j-api-1.7.29.jar;C:\partage\repo\org\springframework\spring-aspects\5.2.2.RELEASE\spring-aspects-5.2.2.RELEASE.jar;C:\partage\repo\com\h2database\h2\1.4.200\h2-1.4.200.jar;C:\partage\repo\org\jboss\resteasy\resteasy-jaxb-provider\3.9.0.Final\resteasy-jaxb-provider-3.9.0.Final.jar;C:\partage\repo\org\jboss\spec\javax\xml\bind\jboss-jaxb-api_2.3_spec\1.0.1.Final\jboss-jaxb-api_2.3_spec-1.0.1.Final.jar;C:\partage\repo\org\glassfish\jaxb\jaxb-runtime\2.3.2\jaxb-runtime-2.3.2.jar;C:\partage\repo\org\glassfish\jaxb\txw2\2.3.2\txw2-2.3.2.jar;C:\partage\repo\com\sun\istack\istack-commons-runtime\3.0.8\istack-commons-runtime-3.0.8.jar;C:\partage\repo\org\jvnet\staxex\stax-ex\1.8.1\stax-ex-1.8.1.jar;C:\partage\repo\com\sun\xml\fastinfoset\FastInfoset\1.2.16\FastInfoset-1.2.16.jar;C:\partage\repo\org\jboss\logging\jboss-logging\3.4.1.Final\jboss-logging-3.4.1.Final.jar;C:\partage\repo\org\jboss\resteasy\resteasy-jackson2-provider\3.9.0.Final\resteasy-jackson2-provider-3.9.0.Final.jar;C:\partage\repo\com\fasterxml\jackson\core\jackson-core\2.10.1\jackson-core-2.10.1.jar;C:\partage\repo\com\fasterxml\jackson\core\jackson-databind\2.10.1\jackson-databind-2.10.1.jar;C:\partage\repo\com\fasterxml\jackson\core\jackson-annotations\2.10.1\jackson-annotations-2.10.1.jar;C:\partage\repo\com\fasterxml\jackson\jaxrs\jackson-jaxrs-json-provider\2.10.1\jackson-jaxrs-json-provider-2.10.1.jar;C:\partage\repo\com\fasterxml\jackson\jaxrs\jackson-jaxrs-base\2.10.1\jackson-jaxrs-base-2.10.1.jar;C:\partage\repo\com\fasterxml\jackson\module\jackson-module-jaxb-annotations\2.10.1\jackson-module-jaxb-annotations-2.10.1.jar;C:\partage\repo\com\github\fge\json-patch\1.9\json-patch-1.9.jar;C:\partage\repo\com\github\fge\jackson-coreutils\1.6\jackson-coreutils-1.6.jar;C:\partage\repo\com\github\fge\msg-simple\1.1\msg-simple-1.1.jar;C:\partage\repo\com\github\fge\btf\1.2\btf-1.2.jar;C:\partage\repo\com\google\guava\guava\25.0-jre\guava-25.0-jre.jar;C:\partage\repo\org\infinispan\infinispan-core\9.4.16.Final\infinispan-core-9.4.16.Final.jar;C:\partage\repo\org\infinispan\infinispan-commons\9.4.16.Final\infinispan-commons-9.4.16.Final.jar;C:\partage\repo\org\jgroups\jgroups\4.0.20.Final\jgroups-4.0.20.Final.jar;C:\partage\repo\com\github\ben-manes\caffeine\caffeine\2.8.0\caffeine-2.8.0.jar;C:\partage\repo\org\checkerframework\checker-qual\2.10.0\checker-qual-2.10.0.jar;C:\partage\repo\com\google\errorprone\error_prone_annotations\2.3.3\error_prone_annotations-2.3.3.jar;C:\partage\repo\org\jboss\spec\javax\transaction\jboss-transaction-api_1.2_spec\1.1.1.Final\jboss-transaction-api_1.2_spec-1.1.1.Final.jar;C:\partage\repo\org\jboss\marshalling\jboss-marshalling-osgi\2.0.6.Final\jboss-marshalling-osgi-2.0.6.Final.jar;C:\partage\repo\io\reactivex\rxjava2\rxjava\2.2.15\rxjava-2.2.15.jar;C:\partage\repo\org\reactivestreams\reactive-streams\1.0.3\reactive-streams-1.0.3.jar;C:\partage\repo\org\keycloak\keycloak-model-infinispan\8.0.0\keycloak-model-infinispan-8.0.0.jar;C:\partage\repo\org\keycloak\keycloak-core\8.0.0\keycloak-core-8.0.0.jar;C:\partage\repo\org\keycloak\keycloak-server-spi\8.0.0\keycloak-server-spi-8.0.0.jar;C:\partage\repo\org\infinispan\infinispan-cachestore-remote\9.4.16.Final\infinispan-cachestore-remote-9.4.16.Final.jar;C:\partage\repo\org\infinispan\infinispan-client-hotrod\9.4.16.Final\infinispan-client-hotrod-9.4.16.Final.jar;C:\partage\repo\io\netty\netty-handler\4.1.43.Final\netty-handler-4.1.43.Final.jar;C:\partage\repo\io\netty\netty-common\4.1.43.Final\netty-common-4.1.43.Final.jar;C:\partage\repo\io\netty\netty-buffer\4.1.43.Final\netty-buffer-4.1.43.Final.jar;C:\partage\repo\io\netty\netty-transport\4.1.43.Final\netty-transport-4.1.43.Final.jar;C:\partage\repo\io\netty\netty-resolver\4.1.43.Final\netty-resolver-4.1.43.Final.jar;C:\partage\repo\io\netty\netty-codec\4.1.43.Final\netty-codec-4.1.43.Final.jar;C:\partage\repo\io\netty\netty-transport-native-epoll\4.1.43.Final\netty-transport-native-epoll-4.1.43.Final-linux-x86_64.jar;C:\partage\repo\io\netty\netty-transport-native-unix-common\4.1.43.Final\netty-transport-native-unix-common-4.1.43.Final.jar;C:\partage\repo\org\infinispan\infinispan-multimap\9.4.16.Final\infinispan-multimap-9.4.16.Final.jar;C:\partage\repo\org\keycloak\keycloak-services\8.0.0\keycloak-services-8.0.0.jar;C:\partage\repo\org\bouncycastle\bcprov-jdk15on\1.60\bcprov-jdk15on-1.60.jar;C:\partage\repo\org\bouncycastle\bcpkix-jdk15on\1.60\bcpkix-jdk15on-1.60.jar;C:\partage\repo\jakarta\mail\jakarta.mail-api\1.6.4\jakarta.mail-api-1.6.4.jar;C:\partage\repo\org\glassfish\jakarta.json\1.1.6\jakarta.json-1.1.6.jar;C:\partage\repo\org\keycloak\keycloak-common\8.0.0\keycloak-common-8.0.0.jar;C:\partage\repo\com\sun\activation\javax.activation\1.2.0\javax.activation-1.2.0.jar;C:\partage\repo\org\jboss\spec\javax\servlet\jboss-servlet-api_4.0_spec\1.0.0.Final\jboss-servlet-api_4.0_spec-1.0.0.Final.jar;C:\partage\repo\org\twitter4j\twitter4j-core\4.0.4\twitter4j-core-4.0.4.jar;C:\partage\repo\org\jboss\spec\javax\ws\rs\jboss-jaxrs-api_2.1_spec\2.0.0.Final\jboss-jaxrs-api_2.1_spec-2.0.0.Final.jar;C:\partage\repo\org\jboss\spec\javax\transaction\jboss-transaction-api_1.3_spec\2.0.0.Final\jboss-transaction-api_1.3_spec-2.0.0.Final.jar;C:\partage\repo\org\jboss\resteasy\resteasy-multipart-provider\3.9.0.Final\resteasy-multipart-provider-3.9.0.Final.jar;C:\partage\repo\org\jboss\resteasy\resteasy-jaxrs\3.9.0.Final\resteasy-jaxrs-3.9.0.Final.jar;C:\partage\repo\javax\validation\validation-api\2.0.1.Final\validation-api-2.0.1.Final.jar;C:\partage\repo\org\jboss\spec\javax\annotation\jboss-annotations-api_1.3_spec\1.0.1.Final\jboss-annotations-api_1.3_spec-1.0.1.Final.jar;C:\partage\repo\javax\activation\activation\1.1.1\activation-1.1.1.jar;C:\partage\repo\com\github\stephenc\jcip\jcip-annotations\1.0-1\jcip-annotations-1.0-1.jar;C:\partage\repo\org\jboss\resteasy\resteasy-client\3.9.0.Final\resteasy-client-3.9.0.Final.jar;C:\partage\repo\com\sun\mail\javax.mail\1.6.2\javax.mail-1.6.2.jar;C:\partage\repo\org\apache\james\apache-mime4j\0.6\apache-mime4j-0.6.jar;C:\partage\repo\commons-logging\commons-logging\1.1.1\commons-logging-1.1.1.jar;C:\partage\repo\com\googlecode\owasp-java-html-sanitizer\owasp-java-html-sanitizer\20180219.1\owasp-java-html-sanitizer-20180219.1.jar;C:\partage\repo\com\google\zxing\javase\3.2.1\javase-3.2.1.jar;C:\partage\repo\com\google\zxing\core\3.2.1\core-3.2.1.jar;C:\partage\repo\com\beust\jcommander\1.48\jcommander-1.48.jar;C:\partage\repo\com\openshift\openshift-restclient-java\6.1.3.Final\openshift-restclient-java-6.1.3.Final.jar;C:\partage\repo\com\squareup\okhttp3\okhttp\3.14.4\okhttp-3.14.4.jar;C:\partage\repo\com\squareup\okio\okio\1.17.2\okio-1.17.2.jar;C:\partage\repo\com\squareup\okhttp3\okhttp-ws\3.3.1\okhttp-ws-3.3.1.jar;C:\partage\repo\org\jboss\jboss-dmr\1.3.0.Final\jboss-dmr-1.3.0.Final.jar;C:\partage\repo\org\apache\commons\commons-io\1.3.2\commons-io-1.3.2.jar;C:\partage\repo\org\apache\commons\commons-compress\1.8.1\commons-compress-1.8.1.jar;C:\partage\repo\commons-io\commons-io\2.1\commons-io-2.1.jar;C:\partage\repo\org\slf4j\slf4j-log4j12\1.7.29\slf4j-log4j12-1.7.29.jar;C:\partage\repo\log4j\log4j\1.2.16\log4j-1.2.16.jar;C:\partage\repo\commons-codec\commons-codec\1.13\commons-codec-1.13.jar;C:\partage\repo\commons-lang\commons-lang\2.6\commons-lang-2.6.jar;C:\partage\repo\com\webauthn4j\webauthn4j-core\0.9.14.RELEASE\webauthn4j-core-0.9.14.RELEASE.jar;C:\partage\repo\com\webauthn4j\webauthn4j-util\0.9.14.RELEASE\webauthn4j-util-0.9.14.RELEASE.jar;C:\partage\repo\com\fasterxml\jackson\dataformat\jackson-dataformat-cbor\2.10.1\jackson-dataformat-cbor-2.10.1.jar;C:\partage\repo\org\apache\kerby\kerby-asn1\2.0.0\kerby-asn1-2.0.0.jar;C:\partage\repo\org\jboss\modules\jboss-modules\1.9.2.Final\jboss-modules-1.9.2.Final.jar;C:\partage\repo\org\keycloak\keycloak-model-jpa\8.0.0\keycloak-model-jpa-8.0.0.jar;C:\partage\repo\org\keycloak\keycloak-server-spi-private\8.0.0\keycloak-server-spi-private-8.0.0.jar;C:\partage\repo\com\github\ua-parser\uap-java\1.4.3\uap-java-1.4.3.jar;C:\partage\repo\org\apache\commons\commons-collections4\4.1\commons-collections4-4.1.jar;C:\partage\repo\org\liquibase\liquibase-core\3.8.2\liquibase-core-3.8.2.jar;C:\partage\repo\org\keycloak\keycloak-js-adapter\8.0.0\keycloak-js-adapter-8.0.0.jar;C:\partage\repo\org\keycloak\keycloak-themes\8.0.0\keycloak-themes-8.0.0.jar;C:\partage\repo\org\keycloak\keycloak-saml-core\8.0.0\keycloak-saml-core-8.0.0.jar;C:\partage\repo\org\keycloak\keycloak-saml-core-public\8.0.0\keycloak-saml-core-public-8.0.0.jar;C:\partage\repo\org\apache\santuario\xmlsec\2.1.4\xmlsec-2.1.4.jar;C:\partage\repo\javax\xml\bind\jaxb-api\2.3.1\jaxb-api-2.3.1.jar;C:\partage\repo\javax\activation\javax.activation-api\1.2.0\javax.activation-api-1.2.0.jar;C:\partage\repo\com\sun\xml\ws\rt\2.3.1\rt-2.3.1.jar;C:\partage\repo\javax\annotation\javax.annotation-api\1.3.2\javax.annotation-api-1.3.2.jar;C:\partage\repo\com\sun\xml\ws\policy\2.7.5\policy-2.7.5.jar;C:\partage\repo\org\glassfish\gmbal\gmbal-api-only\3.1.0-b001\gmbal-api-only-3.1.0-b001.jar;C:\partage\repo\org\glassfish\external\management-api\3.0.0-b012\management-api-3.0.0-b012.jar;C:\partage\repo\com\sun\xml\stream\buffer\streambuffer\1.5.6\streambuffer-1.5.6.jar;C:\partage\repo\org\jvnet\mimepull\mimepull\1.9.12\mimepull-1.9.12.jar;C:\partage\repo\org\codehaus\woodstox\stax2-api\4.1\stax2-api-4.1.jar;C:\partage\repo\org\glassfish\ha\ha-api\3.1.9\ha-api-3.1.9.jar;C:\partage\repo\com\sun\xml\messaging\saaj\saaj-impl\1.5.1\saaj-impl-1.5.1.jar;C:\partage\repo\jakarta\xml\soap\jakarta.xml.soap-api\1.4.1\jakarta.xml.soap-api-1.4.1.jar;C:\partage\repo\javax\xml\ws\jaxws-api\2.3.1\jaxws-api-2.3.1.jar;C:\partage\repo\javax\xml\soap\javax.xml.soap-api\1.4.0\javax.xml.soap-api-1.4.0.jar;C:\partage\repo\javax\jws\javax.jws-api\1.1\javax.jws-api-1.1.jar;C:\partage\repo\org\keycloak\keycloak-authz-policy-common\8.0.0\keycloak-authz-policy-common-8.0.0.jar;C:\partage\repo\org\keycloak\keycloak-wildfly-extensions\8.0.0\keycloak-wildfly-extensions-8.0.0.jar;C:\partage\repo\org\freemarker\freemarker\2.3.29\freemarker-2.3.29.jar;C:\partage\repo\org\springframework\boot\spring-boot-configuration-processor\2.2.2.RELEASE\spring-boot-configuration-processor-2.2.2.RELEASE.jar;C:\partage\repo\org\springframework\boot\spring-boot-starter-test\2.2.2.RELEASE\spring-boot-starter-test-2.2.2.RELEASE.jar;C:\partage\repo\org\springframework\boot\spring-boot-test\2.2.2.RELEASE\spring-boot-test-2.2.2.RELEASE.jar;C:\partage\repo\org\springframework\boot\spring-boot-test-autoconfigure\2.2.2.RELEASE\spring-boot-test-autoconfigure-2.2.2.RELEASE.jar;C:\partage\repo\com\jayway\jsonpath\json-path\2.4.0\json-path-2.4.0.jar;C:\partage\repo\net\minidev\json-smart\2.3\json-smart-2.3.jar;C:\partage\repo\net\minidev\accessors-smart\1.2\accessors-smart-1.2.jar;C:\partage\repo\org\ow2\asm\asm\5.0.4\asm-5.0.4.jar;C:\partage\repo\jakarta\xml\bind\jakarta.xml.bind-api\2.3.2\jakarta.xml.bind-api-2.3.2.jar;C:\partage\repo\org\junit\jupiter\junit-jupiter\5.5.2\junit-jupiter-5.5.2.jar;C:\partage\repo\org\junit\jupiter\junit-jupiter-api\5.5.2\junit-jupiter-api-5.5.2.jar;C:\partage\repo\org\opentest4j\opentest4j\1.2.0\opentest4j-1.2.0.jar;C:\partage\repo\org\junit\platform\junit-platform-commons\1.5.2\junit-platform-commons-1.5.2.jar;C:\partage\repo\org\junit\jupiter\junit-jupiter-params\5.5.2\junit-jupiter-params-5.5.2.jar;C:\partage\repo\org\junit\jupiter\junit-jupiter-engine\5.5.2\junit-jupiter-engine-5.5.2.jar;C:\partage\repo\org\junit\vintage\junit-vintage-engine\5.5.2\junit-vintage-engine-5.5.2.jar;C:\partage\repo\org\apiguardian\apiguardian-api\1.1.0\apiguardian-api-1.1.0.jar;C:\partage\repo\org\junit\platform\junit-platform-engine\1.5.2\junit-platform-engine-1.5.2.jar;C:\partage\repo\junit\junit\4.12\junit-4.12.jar;C:\partage\repo\org\mockito\mockito-junit-jupiter\3.1.0\mockito-junit-jupiter-3.1.0.jar;C:\partage\repo\org\assertj\assertj-core\3.13.2\assertj-core-3.13.2.jar;C:\partage\repo\org\hamcrest\hamcrest\2.1\hamcrest-2.1.jar;C:\partage\repo\org\mockito\mockito-core\3.1.0\mockito-core-3.1.0.jar;C:\partage\repo\net\bytebuddy\byte-buddy-agent\1.10.4\byte-buddy-agent-1.10.4.jar;C:\partage\repo\org\objenesis\objenesis\2.6\objenesis-2.6.jar;C:\partage\repo\org\skyscreamer\jsonassert\1.5.0\jsonassert-1.5.0.jar;C:\partage\repo\com\vaadin\external\google\android-json\0.0.20131108.vaadin1\android-json-0.0.20131108.vaadin1.jar;C:\partage\repo\org\springframework\spring-core\5.2.2.RELEASE\spring-core-5.2.2.RELEASE.jar;C:\partage\repo\org\springframework\spring-jcl\5.2.2.RELEASE\spring-jcl-5.2.2.RELEASE.jar;C:\partage\repo\org\springframework\spring-test\5.2.2.RELEASE\spring-test-5.2.2.RELEASE.jar;C:\partage\repo\org\xmlunit\xmlunit-core\2.6.3\xmlunit-core-2.6.3.jar;C:\partage\repo\io\rest-assured\rest-assured\3.3.0\rest-assured-3.3.0.jar;C:\partage\repo\org\codehaus\groovy\groovy\2.5.8\groovy-2.5.8.jar;C:\partage\repo\org\codehaus\groovy\groovy-xml\2.5.8\groovy-xml-2.5.8.jar;C:\partage\repo\org\apache\httpcomponents\httpclient\4.5.10\httpclient-4.5.10.jar;C:\partage\repo\org\apache\httpcomponents\httpcore\4.4.12\httpcore-4.4.12.jar;C:\partage\repo\org\apache\httpcomponents\httpmime\4.5.10\httpmime-4.5.10.jar;C:\partage\repo\org\hamcrest\hamcrest-core\2.1\hamcrest-core-2.1.jar;C:\partage\repo\org\hamcrest\hamcrest-library\2.1\hamcrest-library-2.1.jar;C:\partage\repo\org\ccil\cowan\tagsoup\tagsoup\1.2.1\tagsoup-1.2.1.jar;C:\partage\repo\io\rest-assured\json-path\3.3.0\json-path-3.3.0.jar;C:\partage\repo\org\codehaus\groovy\groovy-json\2.5.8\groovy-json-2.5.8.jar;C:\partage\repo\io\rest-assured\rest-assured-common\3.3.0\rest-assured-common-3.3.0.jar;C:\partage\repo\io\rest-assured\xml-path\3.3.0\xml-path-3.3.0.jar;C:\partage\repo\org\apache\commons\commons-lang3\3.9\commons-lang3-3.9.jar;C:\partage\repo\com\sun\xml\bind\jaxb-osgi\2.2.10\jaxb-osgi-2.2.10.jar;C:\partage\repo\org\apache\sling\org.apache.sling.javax.activation\0.1.0\org.apache.sling.javax.activation-0.1.0.jar;"/>
    <property name="java.vm.vendor" value="Oracle Corporation"/>
    <property name="sun.arch.data.model" value="64"/>
    <property name="user.variant" value=""/>
    <property name="java.vendor.url" value="http://java.oracle.com/"/>
    <property name="user.timezone" value="Europe/Paris"/>
    <property name="java.vm.specification.version" value="1.8"/>
    <property name="os.name" value="Windows 10"/>
    <property name="user.country" value="FR"/>
    <property name="sun.java.launcher" value="SUN_STANDARD"/>
    <property name="sun.boot.library.path" value="C:\Program Files\Java\jdk1.8.0_201\jre\bin"/>
    <property name="sun.java.command" value="C:\Users\badrn\AppData\Local\Temp\surefire3458828733385892188\surefirebooter8646432436576405578.jar C:\Users\badrn\AppData\Local\Temp\surefire3458828733385892188 2020-05-08T23-13-05_126-jvmRun1 surefire2977420603493555065tmp surefire_0432168574889204779tmp"/>
    <property name="surefire.test.class.path" value="C:\partage\workspaces\workspace-ddd\spring-doc-review\springdoc-openapi-demos\sample-springdoc-openapi-oauth2\oauth-authorization-server\target\test-classes;C:\partage\workspaces\workspace-ddd\spring-doc-review\springdoc-openapi-demos\sample-springdoc-openapi-oauth2\oauth-authorization-server\target\classes;C:\partage\repo\org\springframework\boot\spring-boot-starter-web\2.2.2.RELEASE\spring-boot-starter-web-2.2.2.RELEASE.jar;C:\partage\repo\org\springframework\boot\spring-boot-starter\2.2.2.RELEASE\spring-boot-starter-2.2.2.RELEASE.jar;C:\partage\repo\org\springframework\boot\spring-boot-starter-logging\2.2.2.RELEASE\spring-boot-starter-logging-2.2.2.RELEASE.jar;C:\partage\repo\ch\qos\logback\logback-classic\1.2.3\logback-classic-1.2.3.jar;C:\partage\repo\ch\qos\logback\logback-core\1.2.3\logback-core-1.2.3.jar;C:\partage\repo\org\apache\logging\log4j\log4j-to-slf4j\2.12.1\log4j-to-slf4j-2.12.1.jar;C:\partage\repo\org\apache\logging\log4j\log4j-api\2.12.1\log4j-api-2.12.1.jar;C:\partage\repo\org\slf4j\jul-to-slf4j\1.7.29\jul-to-slf4j-1.7.29.jar;C:\partage\repo\jakarta\annotation\jakarta.annotation-api\1.3.5\jakarta.annotation-api-1.3.5.jar;C:\partage\repo\org\yaml\snakeyaml\1.25\snakeyaml-1.25.jar;C:\partage\repo\org\springframework\boot\spring-boot-starter-json\2.2.2.RELEASE\spring-boot-starter-json-2.2.2.RELEASE.jar;C:\partage\repo\com\fasterxml\jackson\datatype\jackson-datatype-jdk8\2.10.1\jackson-datatype-jdk8-2.10.1.jar;C:\partage\repo\com\fasterxml\jackson\datatype\jackson-datatype-jsr310\2.10.1\jackson-datatype-jsr310-2.10.1.jar;C:\partage\repo\com\fasterxml\jackson\module\jackson-module-parameter-names\2.10.1\jackson-module-parameter-names-2.10.1.jar;C:\partage\repo\org\springframework\boot\spring-boot-starter-tomcat\2.2.2.RELEASE\spring-boot-starter-tomcat-2.2.2.RELEASE.jar;C:\partage\repo\org\apache\tomcat\embed\tomcat-embed-core\9.0.29\tomcat-embed-core-9.0.29.jar;C:\partage\repo\org\apache\tomcat\embed\tomcat-embed-el\9.0.29\tomcat-embed-el-9.0.29.jar;C:\partage\repo\org\apache\tomcat\embed\tomcat-embed-websocket\9.0.29\tomcat-embed-websocket-9.0.29.jar;C:\partage\repo\org\springframework\boot\spring-boot-starter-validation\2.2.2.RELEASE\spring-boot-starter-validation-2.2.2.RELEASE.jar;C:\partage\repo\jakarta\validation\jakarta.validation-api\2.0.1\jakarta.validation-api-2.0.1.jar;C:\partage\repo\org\hibernate\validator\hibernate-validator\6.0.18.Final\hibernate-validator-6.0.18.Final.jar;C:\partage\repo\org\springframework\spring-web\5.2.2.RELEASE\spring-web-5.2.2.RELEASE.jar;C:\partage\repo\org\springframework\spring-beans\5.2.2.RELEASE\spring-beans-5.2.2.RELEASE.jar;C:\partage\repo\org\springframework\spring-webmvc\5.2.2.RELEASE\spring-webmvc-5.2.2.RELEASE.jar;C:\partage\repo\org\springframework\spring-aop\5.2.2.RELEASE\spring-aop-5.2.2.RELEASE.jar;C:\partage\repo\org\springframework\spring-context\5.2.2.RELEASE\spring-context-5.2.2.RELEASE.jar;C:\partage\repo\org\springframework\spring-expression\5.2.2.RELEASE\spring-expression-5.2.2.RELEASE.jar;C:\partage\repo\org\springframework\boot\spring-boot-starter-actuator\2.2.2.RELEASE\spring-boot-starter-actuator-2.2.2.RELEASE.jar;C:\partage\repo\org\springframework\boot\spring-boot-actuator-autoconfigure\2.2.2.RELEASE\spring-boot-actuator-autoconfigure-2.2.2.RELEASE.jar;C:\partage\repo\org\springframework\boot\spring-boot-actuator\2.2.2.RELEASE\spring-boot-actuator-2.2.2.RELEASE.jar;C:\partage\repo\io\micrometer\micrometer-core\1.3.1\micrometer-core-1.3.1.jar;C:\partage\repo\org\hdrhistogram\HdrHistogram\2.1.11\HdrHistogram-2.1.11.jar;C:\partage\repo\org\latencyutils\LatencyUtils\2.0.3\LatencyUtils-2.0.3.jar;C:\partage\repo\org\springframework\boot\spring-boot-devtools\2.2.2.RELEASE\spring-boot-devtools-2.2.2.RELEASE.jar;C:\partage\repo\org\springframework\boot\spring-boot\2.2.2.RELEASE\spring-boot-2.2.2.RELEASE.jar;C:\partage\repo\org\springframework\boot\spring-boot-autoconfigure\2.2.2.RELEASE\spring-boot-autoconfigure-2.2.2.RELEASE.jar;C:\partage\repo\org\springframework\boot\spring-boot-starter-data-jpa\2.2.2.RELEASE\spring-boot-starter-data-jpa-2.2.2.RELEASE.jar;C:\partage\repo\org\springframework\boot\spring-boot-starter-aop\2.2.2.RELEASE\spring-boot-starter-aop-2.2.2.RELEASE.jar;C:\partage\repo\org\aspectj\aspectjweaver\1.9.5\aspectjweaver-1.9.5.jar;C:\partage\repo\org\springframework\boot\spring-boot-starter-jdbc\2.2.2.RELEASE\spring-boot-starter-jdbc-2.2.2.RELEASE.jar;C:\partage\repo\com\zaxxer\HikariCP\3.4.1\HikariCP-3.4.1.jar;C:\partage\repo\org\springframework\spring-jdbc\5.2.2.RELEASE\spring-jdbc-5.2.2.RELEASE.jar;C:\partage\repo\jakarta\activation\jakarta.activation-api\1.2.1\jakarta.activation-api-1.2.1.jar;C:\partage\repo\jakarta\persistence\jakarta.persistence-api\2.2.3\jakarta.persistence-api-2.2.3.jar;C:\partage\repo\jakarta\transaction\jakarta.transaction-api\1.3.3\jakarta.transaction-api-1.3.3.jar;C:\partage\repo\org\hibernate\hibernate-core\5.4.9.Final\hibernate-core-5.4.9.Final.jar;C:\partage\repo\org\javassist\javassist\3.24.0-GA\javassist-3.24.0-GA.jar;C:\partage\repo\net\bytebuddy\byte-buddy\1.10.4\byte-buddy-1.10.4.jar;C:\partage\repo\antlr\antlr\2.7.7\antlr-2.7.7.jar;C:\partage\repo\org\jboss\jandex\2.1.1.Final\jandex-2.1.1.Final.jar;C:\partage\repo\com\fasterxml\classmate\1.5.1\classmate-1.5.1.jar;C:\partage\repo\org\dom4j\dom4j\2.1.1\dom4j-2.1.1.jar;C:\partage\repo\org\hibernate\common\hibernate-commons-annotations\5.1.0.Final\hibernate-commons-annotations-5.1.0.Final.jar;C:\partage\repo\org\springframework\data\spring-data-jpa\2.2.3.RELEASE\spring-data-jpa-2.2.3.RELEASE.jar;C:\partage\repo\org\springframework\data\spring-data-commons\2.2.3.RELEASE\spring-data-commons-2.2.3.RELEASE.jar;C:\partage\repo\org\springframework\spring-orm\5.2.2.RELEASE\spring-orm-5.2.2.RELEASE.jar;C:\partage\repo\org\springframework\spring-tx\5.2.2.RELEASE\spring-tx-5.2.2.RELEASE.jar;C:\partage\repo\org\slf4j\slf4j-api\1.7.29\slf4j-api-1.7.29.jar;C:\partage\repo\org\springframework\spring-aspects\5.2.2.RELEASE\spring-aspects-5.2.2.RELEASE.jar;C:\partage\repo\com\h2database\h2\1.4.200\h2-1.4.200.jar;C:\partage\repo\org\jboss\resteasy\resteasy-jaxb-provider\3.9.0.Final\resteasy-jaxb-provider-3.9.0.Final.jar;C:\partage\repo\org\jboss\spec\javax\xml\bind\jboss-jaxb-api_2.3_spec\1.0.1.Final\jboss-jaxb-api_2.3_spec-1.0.1.Final.jar;C:\partage\repo\org\glassfish\jaxb\jaxb-runtime\2.3.2\jaxb-runtime-2.3.2.jar;C:\partage\repo\org\glassfish\jaxb\txw2\2.3.2\txw2-2.3.2.jar;C:\partage\repo\com\sun\istack\istack-commons-runtime\3.0.8\istack-commons-runtime-3.0.8.jar;C:\partage\repo\org\jvnet\staxex\stax-ex\1.8.1\stax-ex-1.8.1.jar;C:\partage\repo\com\sun\xml\fastinfoset\FastInfoset\1.2.16\FastInfoset-1.2.16.jar;C:\partage\repo\org\jboss\logging\jboss-logging\3.4.1.Final\jboss-logging-3.4.1.Final.jar;C:\partage\repo\org\jboss\resteasy\resteasy-jackson2-provider\3.9.0.Final\resteasy-jackson2-provider-3.9.0.Final.jar;C:\partage\repo\com\fasterxml\jackson\core\jackson-core\2.10.1\jackson-core-2.10.1.jar;C:\partage\repo\com\fasterxml\jackson\core\jackson-databind\2.10.1\jackson-databind-2.10.1.jar;C:\partage\repo\com\fasterxml\jackson\core\jackson-annotations\2.10.1\jackson-annotations-2.10.1.jar;C:\partage\repo\com\fasterxml\jackson\jaxrs\jackson-jaxrs-json-provider\2.10.1\jackson-jaxrs-json-provider-2.10.1.jar;C:\partage\repo\com\fasterxml\jackson\jaxrs\jackson-jaxrs-base\2.10.1\jackson-jaxrs-base-2.10.1.jar;C:\partage\repo\com\fasterxml\jackson\module\jackson-module-jaxb-annotations\2.10.1\jackson-module-jaxb-annotations-2.10.1.jar;C:\partage\repo\com\github\fge\json-patch\1.9\json-patch-1.9.jar;C:\partage\repo\com\github\fge\jackson-coreutils\1.6\jackson-coreutils-1.6.jar;C:\partage\repo\com\github\fge\msg-simple\1.1\msg-simple-1.1.jar;C:\partage\repo\com\github\fge\btf\1.2\btf-1.2.jar;C:\partage\repo\com\google\guava\guava\25.0-jre\guava-25.0-jre.jar;C:\partage\repo\org\infinispan\infinispan-core\9.4.16.Final\infinispan-core-9.4.16.Final.jar;C:\partage\repo\org\infinispan\infinispan-commons\9.4.16.Final\infinispan-commons-9.4.16.Final.jar;C:\partage\repo\org\jgroups\jgroups\4.0.20.Final\jgroups-4.0.20.Final.jar;C:\partage\repo\com\github\ben-manes\caffeine\caffeine\2.8.0\caffeine-2.8.0.jar;C:\partage\repo\org\checkerframework\checker-qual\2.10.0\checker-qual-2.10.0.jar;C:\partage\repo\com\google\errorprone\error_prone_annotations\2.3.3\error_prone_annotations-2.3.3.jar;C:\partage\repo\org\jboss\spec\javax\transaction\jboss-transaction-api_1.2_spec\1.1.1.Final\jboss-transaction-api_1.2_spec-1.1.1.Final.jar;C:\partage\repo\org\jboss\marshalling\jboss-marshalling-osgi\2.0.6.Final\jboss-marshalling-osgi-2.0.6.Final.jar;C:\partage\repo\io\reactivex\rxjava2\rxjava\2.2.15\rxjava-2.2.15.jar;C:\partage\repo\org\reactivestreams\reactive-streams\1.0.3\reactive-streams-1.0.3.jar;C:\partage\repo\org\keycloak\keycloak-model-infinispan\8.0.0\keycloak-model-infinispan-8.0.0.jar;C:\partage\repo\org\keycloak\keycloak-core\8.0.0\keycloak-core-8.0.0.jar;C:\partage\repo\org\keycloak\keycloak-server-spi\8.0.0\keycloak-server-spi-8.0.0.jar;C:\partage\repo\org\infinispan\infinispan-cachestore-remote\9.4.16.Final\infinispan-cachestore-remote-9.4.16.Final.jar;C:\partage\repo\org\infinispan\infinispan-client-hotrod\9.4.16.Final\infinispan-client-hotrod-9.4.16.Final.jar;C:\partage\repo\io\netty\netty-handler\4.1.43.Final\netty-handler-4.1.43.Final.jar;C:\partage\repo\io\netty\netty-common\4.1.43.Final\netty-common-4.1.43.Final.jar;C:\partage\repo\io\netty\netty-buffer\4.1.43.Final\netty-buffer-4.1.43.Final.jar;C:\partage\repo\io\netty\netty-transport\4.1.43.Final\netty-transport-4.1.43.Final.jar;C:\partage\repo\io\netty\netty-resolver\4.1.43.Final\netty-resolver-4.1.43.Final.jar;C:\partage\repo\io\netty\netty-codec\4.1.43.Final\netty-codec-4.1.43.Final.jar;C:\partage\repo\io\netty\netty-transport-native-epoll\4.1.43.Final\netty-transport-native-epoll-4.1.43.Final-linux-x86_64.jar;C:\partage\repo\io\netty\netty-transport-native-unix-common\4.1.43.Final\netty-transport-native-unix-common-4.1.43.Final.jar;C:\partage\repo\org\infinispan\infinispan-multimap\9.4.16.Final\infinispan-multimap-9.4.16.Final.jar;C:\partage\repo\org\keycloak\keycloak-services\8.0.0\keycloak-services-8.0.0.jar;C:\partage\repo\org\bouncycastle\bcprov-jdk15on\1.60\bcprov-jdk15on-1.60.jar;C:\partage\repo\org\bouncycastle\bcpkix-jdk15on\1.60\bcpkix-jdk15on-1.60.jar;C:\partage\repo\jakarta\mail\jakarta.mail-api\1.6.4\jakarta.mail-api-1.6.4.jar;C:\partage\repo\org\glassfish\jakarta.json\1.1.6\jakarta.json-1.1.6.jar;C:\partage\repo\org\keycloak\keycloak-common\8.0.0\keycloak-common-8.0.0.jar;C:\partage\repo\com\sun\activation\javax.activation\1.2.0\javax.activation-1.2.0.jar;C:\partage\repo\org\jboss\spec\javax\servlet\jboss-servlet-api_4.0_spec\1.0.0.Final\jboss-servlet-api_4.0_spec-1.0.0.Final.jar;C:\partage\repo\org\twitter4j\twitter4j-core\4.0.4\twitter4j-core-4.0.4.jar;C:\partage\repo\org\jboss\spec\javax\ws\rs\jboss-jaxrs-api_2.1_spec\2.0.0.Final\jboss-jaxrs-api_2.1_spec-2.0.0.Final.jar;C:\partage\repo\org\jboss\spec\javax\transaction\jboss-transaction-api_1.3_spec\2.0.0.Final\jboss-transaction-api_1.3_spec-2.0.0.Final.jar;C:\partage\repo\org\jboss\resteasy\resteasy-multipart-provider\3.9.0.Final\resteasy-multipart-provider-3.9.0.Final.jar;C:\partage\repo\org\jboss\resteasy\resteasy-jaxrs\3.9.0.Final\resteasy-jaxrs-3.9.0.Final.jar;C:\partage\repo\javax\validation\validation-api\2.0.1.Final\validation-api-2.0.1.Final.jar;C:\partage\repo\org\jboss\spec\javax\annotation\jboss-annotations-api_1.3_spec\1.0.1.Final\jboss-annotations-api_1.3_spec-1.0.1.Final.jar;C:\partage\repo\javax\activation\activation\1.1.1\activation-1.1.1.jar;C:\partage\repo\com\github\stephenc\jcip\jcip-annotations\1.0-1\jcip-annotations-1.0-1.jar;C:\partage\repo\org\jboss\resteasy\resteasy-client\3.9.0.Final\resteasy-client-3.9.0.Final.jar;C:\partage\repo\com\sun\mail\javax.mail\1.6.2\javax.mail-1.6.2.jar;C:\partage\repo\org\apache\james\apache-mime4j\0.6\apache-mime4j-0.6.jar;C:\partage\repo\commons-logging\commons-logging\1.1.1\commons-logging-1.1.1.jar;C:\partage\repo\com\googlecode\owasp-java-html-sanitizer\owasp-java-html-sanitizer\20180219.1\owasp-java-html-sanitizer-20180219.1.jar;C:\partage\repo\com\google\zxing\javase\3.2.1\javase-3.2.1.jar;C:\partage\repo\com\google\zxing\core\3.2.1\core-3.2.1.jar;C:\partage\repo\com\beust\jcommander\1.48\jcommander-1.48.jar;C:\partage\repo\com\openshift\openshift-restclient-java\6.1.3.Final\openshift-restclient-java-6.1.3.Final.jar;C:\partage\repo\com\squareup\okhttp3\okhttp\3.14.4\okhttp-3.14.4.jar;C:\partage\repo\com\squareup\okio\okio\1.17.2\okio-1.17.2.jar;C:\partage\repo\com\squareup\okhttp3\okhttp-ws\3.3.1\okhttp-ws-3.3.1.jar;C:\partage\repo\org\jboss\jboss-dmr\1.3.0.Final\jboss-dmr-1.3.0.Final.jar;C:\partage\repo\org\apache\commons\commons-io\1.3.2\commons-io-1.3.2.jar;C:\partage\repo\org\apache\commons\commons-compress\1.8.1\commons-compress-1.8.1.jar;C:\partage\repo\commons-io\commons-io\2.1\commons-io-2.1.jar;C:\partage\repo\org\slf4j\slf4j-log4j12\1.7.29\slf4j-log4j12-1.7.29.jar;C:\partage\repo\log4j\log4j\1.2.16\log4j-1.2.16.jar;C:\partage\repo\commons-codec\commons-codec\1.13\commons-codec-1.13.jar;C:\partage\repo\commons-lang\commons-lang\2.6\commons-lang-2.6.jar;C:\partage\repo\com\webauthn4j\webauthn4j-core\0.9.14.RELEASE\webauthn4j-core-0.9.14.RELEASE.jar;C:\partage\repo\com\webauthn4j\webauthn4j-util\0.9.14.RELEASE\webauthn4j-util-0.9.14.RELEASE.jar;C:\partage\repo\com\fasterxml\jackson\dataformat\jackson-dataformat-cbor\2.10.1\jackson-dataformat-cbor-2.10.1.jar;C:\partage\repo\org\apache\kerby\kerby-asn1\2.0.0\kerby-asn1-2.0.0.jar;C:\partage\repo\org\jboss\modules\jboss-modules\1.9.2.Final\jboss-modules-1.9.2.Final.jar;C:\partage\repo\org\keycloak\keycloak-model-jpa\8.0.0\keycloak-model-jpa-8.0.0.jar;C:\partage\repo\org\keycloak\keycloak-server-spi-private\8.0.0\keycloak-server-spi-private-8.0.0.jar;C:\partage\repo\com\github\ua-parser\uap-java\1.4.3\uap-java-1.4.3.jar;C:\partage\repo\org\apache\commons\commons-collections4\4.1\commons-collections4-4.1.jar;C:\partage\repo\org\liquibase\liquibase-core\3.8.2\liquibase-core-3.8.2.jar;C:\partage\repo\org\keycloak\keycloak-js-adapter\8.0.0\keycloak-js-adapter-8.0.0.jar;C:\partage\repo\org\keycloak\keycloak-themes\8.0.0\keycloak-themes-8.0.0.jar;C:\partage\repo\org\keycloak\keycloak-saml-core\8.0.0\keycloak-saml-core-8.0.0.jar;C:\partage\repo\org\keycloak\keycloak-saml-core-public\8.0.0\keycloak-saml-core-public-8.0.0.jar;C:\partage\repo\org\apache\santuario\xmlsec\2.1.4\xmlsec-2.1.4.jar;C:\partage\repo\javax\xml\bind\jaxb-api\2.3.1\jaxb-api-2.3.1.jar;C:\partage\repo\javax\activation\javax.activation-api\1.2.0\javax.activation-api-1.2.0.jar;C:\partage\repo\com\sun\xml\ws\rt\2.3.1\rt-2.3.1.jar;C:\partage\repo\javax\annotation\javax.annotation-api\1.3.2\javax.annotation-api-1.3.2.jar;C:\partage\repo\com\sun\xml\ws\policy\2.7.5\policy-2.7.5.jar;C:\partage\repo\org\glassfish\gmbal\gmbal-api-only\3.1.0-b001\gmbal-api-only-3.1.0-b001.jar;C:\partage\repo\org\glassfish\external\management-api\3.0.0-b012\management-api-3.0.0-b012.jar;C:\partage\repo\com\sun\xml\stream\buffer\streambuffer\1.5.6\streambuffer-1.5.6.jar;C:\partage\repo\org\jvnet\mimepull\mimepull\1.9.12\mimepull-1.9.12.jar;C:\partage\repo\org\codehaus\woodstox\stax2-api\4.1\stax2-api-4.1.jar;C:\partage\repo\org\glassfish\ha\ha-api\3.1.9\ha-api-3.1.9.jar;C:\partage\repo\com\sun\xml\messaging\saaj\saaj-impl\1.5.1\saaj-impl-1.5.1.jar;C:\partage\repo\jakarta\xml\soap\jakarta.xml.soap-api\1.4.1\jakarta.xml.soap-api-1.4.1.jar;C:\partage\repo\javax\xml\ws\jaxws-api\2.3.1\jaxws-api-2.3.1.jar;C:\partage\repo\javax\xml\soap\javax.xml.soap-api\1.4.0\javax.xml.soap-api-1.4.0.jar;C:\partage\repo\javax\jws\javax.jws-api\1.1\javax.jws-api-1.1.jar;C:\partage\repo\org\keycloak\keycloak-authz-policy-common\8.0.0\keycloak-authz-policy-common-8.0.0.jar;C:\partage\repo\org\keycloak\keycloak-wildfly-extensions\8.0.0\keycloak-wildfly-extensions-8.0.0.jar;C:\partage\repo\org\freemarker\freemarker\2.3.29\freemarker-2.3.29.jar;C:\partage\repo\org\springframework\boot\spring-boot-configuration-processor\2.2.2.RELEASE\spring-boot-configuration-processor-2.2.2.RELEASE.jar;C:\partage\repo\org\springframework\boot\spring-boot-starter-test\2.2.2.RELEASE\spring-boot-starter-test-2.2.2.RELEASE.jar;C:\partage\repo\org\springframework\boot\spring-boot-test\2.2.2.RELEASE\spring-boot-test-2.2.2.RELEASE.jar;C:\partage\repo\org\springframework\boot\spring-boot-test-autoconfigure\2.2.2.RELEASE\spring-boot-test-autoconfigure-2.2.2.RELEASE.jar;C:\partage\repo\com\jayway\jsonpath\json-path\2.4.0\json-path-2.4.0.jar;C:\partage\repo\net\minidev\json-smart\2.3\json-smart-2.3.jar;C:\partage\repo\net\minidev\accessors-smart\1.2\accessors-smart-1.2.jar;C:\partage\repo\org\ow2\asm\asm\5.0.4\asm-5.0.4.jar;C:\partage\repo\jakarta\xml\bind\jakarta.xml.bind-api\2.3.2\jakarta.xml.bind-api-2.3.2.jar;C:\partage\repo\org\junit\jupiter\junit-jupiter\5.5.2\junit-jupiter-5.5.2.jar;C:\partage\repo\org\junit\jupiter\junit-jupiter-api\5.5.2\junit-jupiter-api-5.5.2.jar;C:\partage\repo\org\opentest4j\opentest4j\1.2.0\opentest4j-1.2.0.jar;C:\partage\repo\org\junit\platform\junit-platform-commons\1.5.2\junit-platform-commons-1.5.2.jar;C:\partage\repo\org\junit\jupiter\junit-jupiter-params\5.5.2\junit-jupiter-params-5.5.2.jar;C:\partage\repo\org\junit\jupiter\junit-jupiter-engine\5.5.2\junit-jupiter-engine-5.5.2.jar;C:\partage\repo\org\junit\vintage\junit-vintage-engine\5.5.2\junit-vintage-engine-5.5.2.jar;C:\partage\repo\org\apiguardian\apiguardian-api\1.1.0\apiguardian-api-1.1.0.jar;C:\partage\repo\org\junit\platform\junit-platform-engine\1.5.2\junit-platform-engine-1.5.2.jar;C:\partage\repo\junit\junit\4.12\junit-4.12.jar;C:\partage\repo\org\mockito\mockito-junit-jupiter\3.1.0\mockito-junit-jupiter-3.1.0.jar;C:\partage\repo\org\assertj\assertj-core\3.13.2\assertj-core-3.13.2.jar;C:\partage\repo\org\hamcrest\hamcrest\2.1\hamcrest-2.1.jar;C:\partage\repo\org\mockito\mockito-core\3.1.0\mockito-core-3.1.0.jar;C:\partage\repo\net\bytebuddy\byte-buddy-agent\1.10.4\byte-buddy-agent-1.10.4.jar;C:\partage\repo\org\objenesis\objenesis\2.6\objenesis-2.6.jar;C:\partage\repo\org\skyscreamer\jsonassert\1.5.0\jsonassert-1.5.0.jar;C:\partage\repo\com\vaadin\external\google\android-json\0.0.20131108.vaadin1\android-json-0.0.20131108.vaadin1.jar;C:\partage\repo\org\springframework\spring-core\5.2.2.RELEASE\spring-core-5.2.2.RELEASE.jar;C:\partage\repo\org\springframework\spring-jcl\5.2.2.RELEASE\spring-jcl-5.2.2.RELEASE.jar;C:\partage\repo\org\springframework\spring-test\5.2.2.RELEASE\spring-test-5.2.2.RELEASE.jar;C:\partage\repo\org\xmlunit\xmlunit-core\2.6.3\xmlunit-core-2.6.3.jar;C:\partage\repo\io\rest-assured\rest-assured\3.3.0\rest-assured-3.3.0.jar;C:\partage\repo\org\codehaus\groovy\groovy\2.5.8\groovy-2.5.8.jar;C:\partage\repo\org\codehaus\groovy\groovy-xml\2.5.8\groovy-xml-2.5.8.jar;C:\partage\repo\org\apache\httpcomponents\httpclient\4.5.10\httpclient-4.5.10.jar;C:\partage\repo\org\apache\httpcomponents\httpcore\4.4.12\httpcore-4.4.12.jar;C:\partage\repo\org\apache\httpcomponents\httpmime\4.5.10\httpmime-4.5.10.jar;C:\partage\repo\org\hamcrest\hamcrest-core\2.1\hamcrest-core-2.1.jar;C:\partage\repo\org\hamcrest\hamcrest-library\2.1\hamcrest-library-2.1.jar;C:\partage\repo\org\ccil\cowan\tagsoup\tagsoup\1.2.1\tagsoup-1.2.1.jar;C:\partage\repo\io\rest-assured\json-path\3.3.0\json-path-3.3.0.jar;C:\partage\repo\org\codehaus\groovy\groovy-json\2.5.8\groovy-json-2.5.8.jar;C:\partage\repo\io\rest-assured\rest-assured-common\3.3.0\rest-assured-common-3.3.0.jar;C:\partage\repo\io\rest-assured\xml-path\3.3.0\xml-path-3.3.0.jar;C:\partage\repo\org\apache\commons\commons-lang3\3.9\commons-lang3-3.9.jar;C:\partage\repo\com\sun\xml\bind\jaxb-osgi\2.2.10\jaxb-osgi-2.2.10.jar;C:\partage\repo\org\apache\sling\org.apache.sling.javax.activation\0.1.0\org.apache.sling.javax.activation-0.1.0.jar;"/>
    <property name="sun.cpu.endian" value="little"/>
    <property name="user.home" value="C:\Users\badrn"/>
    <property name="user.language" value="fr"/>
    <property name="java.specification.vendor" value="Oracle Corporation"/>
    <property name="java.home" value="C:\Program Files\Java\jdk1.8.0_201\jre"/>
    <property name="basedir" value="C:\partage\workspaces\workspace-ddd\spring-doc-review\springdoc-openapi-demos\sample-springdoc-openapi-oauth2\oauth-authorization-server"/>
    <property name="file.separator" value="\"/>
    <property name="line.separator" value="&#10;"/>
    <property name="java.vm.specification.vendor" value="Oracle Corporation"/>
    <property name="java.specification.name" value="Java Platform API Specification"/>
    <property name="java.awt.graphicsenv" value="sun.awt.Win32GraphicsEnvironment"/>
    <property name="surefire.real.class.path" value="C:\Users\badrn\AppData\Local\Temp\surefire3458828733385892188\surefirebooter8646432436576405578.jar"/>
    <property name="sun.boot.class.path" value="C:\Program Files\Java\jdk1.8.0_201\jre\lib\resources.jar;C:\Program Files\Java\jdk1.8.0_201\jre\lib\rt.jar;C:\Program Files\Java\jdk1.8.0_201\jre\lib\sunrsasign.jar;C:\Program Files\Java\jdk1.8.0_201\jre\lib\jsse.jar;C:\Program Files\Java\jdk1.8.0_201\jre\lib\jce.jar;C:\Program Files\Java\jdk1.8.0_201\jre\lib\charsets.jar;C:\Program Files\Java\jdk1.8.0_201\jre\lib\jfr.jar;C:\Program Files\Java\jdk1.8.0_201\jre\classes"/>
    <property name="user.script" value=""/>
    <property name="sun.management.compiler" value="HotSpot 64-Bit Tiered Compilers"/>
    <property name="java.runtime.version" value="1.8.0_201-b09"/>
    <property name="user.name" value="badrn"/>
    <property name="path.separator" value=";"/>
    <property name="os.version" value="10.0"/>
    <property name="java.endorsed.dirs" value="C:\Program Files\Java\jdk1.8.0_201\jre\lib\endorsed"/>
    <property name="java.runtime.name" value="Java(TM) SE Runtime Environment"/>
    <property name="file.encoding" value="Cp1252"/>
    <property name="java.vm.name" value="Java HotSpot(TM) 64-Bit Server VM"/>
    <property name="localRepository" value="C:\partage\repo"/>
    <property name="java.vendor.url.bug" value="http://bugreport.sun.com/bugreport/"/>
    <property name="java.io.tmpdir" value="C:\Users\badrn\AppData\Local\Temp\"/>
    <property name="java.version" value="1.8.0_201"/>
    <property name="user.dir" value="C:\partage\workspaces\workspace-ddd\spring-doc-review\springdoc-openapi-demos\sample-springdoc-openapi-oauth2\oauth-authorization-server"/>
    <property name="os.arch" value="amd64"/>
    <property name="java.vm.specification.name" value="Java Virtual Machine Specification"/>
    <property name="java.awt.printerjob" value="sun.awt.windows.WPrinterJob"/>
    <property name="sun.os.patch.level" value=""/>
    <property name="java.library.path" value="C:\Program Files\Java\jdk1.8.0_201\jre\bin;C:\WINDOWS\Sun\Java\bin;C:\WINDOWS\system32;C:\WINDOWS;C:\Program Files\Git\mingw64\bin;C:\Program Files\Git\usr\bin;C:\Users\badrn\bin;C:\ProgramData\DockerDesktop\version-bin;C:\Program Files\Docker\Docker\Resources\bin;C:\Program Files (x86)\Common Files\Oracle\Java\javapath;C:\Windows\System32;C:\Windows;C:\Windows\System32\wbem;C:\Windows\System32\WindowsPowerShell\v1.0;C:\Program Files (x86)\HP\HP Performance Advisor;C:\Program Files\Java\jdk1.8.0_201\bin;C:\Program Files\maven\apache-maven-3.6.0\bin;C:\Program Files\Git\cmd;C:\Windows\System32\OpenSSH;C:\Program Files (x86)\Yarn\bin;C:\Program Files\nodejs;C:\Program Files\IBM\Cloud\bin;C:\Program Files\Cloud Foundry;C:\Program Files (x86)\GnuPG\bin;C:\Program Files\OpenVPN\bin;C:\Program Files\helm\windows-amd64;C:\Program Files\Intel\WiFi\bin;C:\Program Files\Common Files\Intel\WirelessCommon;C:\HashiCorp\Vagrant\bin;C:\Program Files\gradle\gradle-6.1.1\bin;C:\Program Files (x86)\Intel\Intel(R) Management Engine Components\DAL;C:\Program Files\Intel\Intel(R) Management Engine Components\DAL;C:\Ruby26-x64\bin;C:\Users\badrn\AppData\Local\Microsoft\WindowsApps;C:\Program Files (x86)\ffmpeg\bin;C:\Program Files\Intel\WiFi\bin;C:\Program Files\Common Files\Intel\WirelessCommon;C:\Users\badrn\AppData\Local\Yarn\bin;C:\Users\badrn\AppData\Roaming\npm;C:\Users\badrn\AppData\Local\Microsoft\WindowsApps;C:\Program Files\BIND9.16.1.x64;."/>
    <property name="java.vm.info" value="mixed mode"/>
    <property name="java.vendor" value="Oracle Corporation"/>
    <property name="java.vm.version" value="25.201-b09"/>
    <property name="java.ext.dirs" value="C:\Program Files\Java\jdk1.8.0_201\jre\lib\ext;C:\WINDOWS\Sun\Java\lib\ext"/>
    <property name="sun.io.unicode.encoding" value="UnicodeLittle"/>
    <property name="java.class.version" value="52.0"/>
  </properties>
  <testcase name="whenLoadApplication_thenSuccess" classname="org.springdoc.demo.auth.ContextIntegrationTest" time="0.115"/>
</testsuite>