<?xml version="1.0" encoding="UTF-8"?>
<testsuite xmlns:xsi="http://www.w3.org/2001/XMLSchema-instance" xsi:noNamespaceSchemaLocation="https://maven.apache.org/surefire/maven-surefire-plugin/xsd/surefire-test-report.xsd" name="org.springdoc.demo.resource.ContextIntegrationTest" time="12.35" tests="1" errors="0" skipped="0" failures="0">
  <properties>
    <property name="sun.desktop" value="windows"/>
    <property name="awt.toolkit" value="sun.awt.windows.WToolkit"/>
    <property name="file.encoding.pkg" value="sun.io"/>
    <property name="java.specification.version" value="1.8"/>
    <property name="sun.cpu.isalist" value="amd64"/>
    <property name="sun.jnu.encoding" value="Cp1252"/>
    <property name="java.class.path" value="C:\partage\workspaces\workspace-ddd\spring-doc-review\springdoc-openapi-demos\sample-springdoc-openapi-oauth2\oauth-resource-server\target\test-classes;C:\partage\workspaces\workspace-ddd\spring-doc-review\springdoc-openapi-demos\sample-springdoc-openapi-oauth2\oauth-resource-server\target\classes;C:\partage\repo\org\springframework\boot\spring-boot-starter-web\2.2.2.RELEASE\spring-boot-starter-web-2.2.2.RELEASE.jar;C:\partage\repo\org\springframework\boot\spring-boot-starter\2.2.2.RELEASE\spring-boot-starter-2.2.2.RELEASE.jar;C:\partage\repo\org\springframework\boot\spring-boot-starter-logging\2.2.2.RELEASE\spring-boot-starter-logging-2.2.2.RELEASE.jar;C:\partage\repo\ch\qos\logback\logback-classic\1.2.3\logback-classic-1.2.3.jar;C:\partage\repo\ch\qos\logback\logback-core\1.2.3\logback-core-1.2.3.jar;C:\partage\repo\org\apache\logging\log4j\log4j-to-slf4j\2.12.1\log4j-to-slf4j-2.12.1.jar;C:\partage\repo\org\apache\logging\log4j\log4j-api\2.12.1\log4j-api-2.12.1.jar;C:\partage\repo\org\slf4j\jul-to-slf4j\1.7.29\jul-to-slf4j-1.7.29.jar;C:\partage\repo\jakarta\annotation\jakarta.annotation-api\1.3.5\jakarta.annotation-api-1.3.5.jar;C:\partage\repo\org\yaml\snakeyaml\1.25\snakeyaml-1.25.jar;C:\partage\repo\org\springframework\boot\spring-boot-starter-json\2.2.2.RELEASE\spring-boot-starter-json-2.2.2.RELEASE.jar;C:\partage\repo\com\fasterxml\jackson\core\jackson-databind\2.10.1\jackson-databind-2.10.1.jar;C:\partage\repo\com\fasterxml\jackson\core\jackson-annotations\2.10.1\jackson-annotations-2.10.1.jar;C:\partage\repo\com\fasterxml\jackson\datatype\jackson-datatype-jdk8\2.10.1\jackson-datatype-jdk8-2.10.1.jar;C:\partage\repo\com\fasterxml\jackson\datatype\jackson-datatype-jsr310\2.10.1\jackson-datatype-jsr310-2.10.1.jar;C:\partage\repo\com\fasterxml\jackson\module\jackson-module-parameter-names\2.10.1\jackson-module-parameter-names-2.10.1.jar;C:\partage\repo\org\springframework\boot\spring-boot-starter-tomcat\2.2.2.RELEASE\spring-boot-starter-tomcat-2.2.2.RELEASE.jar;C:\partage\repo\org\apache\tomcat\embed\tomcat-embed-core\9.0.29\tomcat-embed-core-9.0.29.jar;C:\partage\repo\org\apache\tomcat\embed\tomcat-embed-el\9.0.29\tomcat-embed-el-9.0.29.jar;C:\partage\repo\org\apache\tomcat\embed\tomcat-embed-websocket\9.0.29\tomcat-embed-websocket-9.0.29.jar;C:\partage\repo\org\springframework\boot\spring-boot-starter-validation\2.2.2.RELEASE\spring-boot-starter-validation-2.2.2.RELEASE.jar;C:\partage\repo\jakarta\validation\jakarta.validation-api\2.0.1\jakarta.validation-api-2.0.1.jar;C:\partage\repo\org\hibernate\validator\hibernate-validator\6.0.18.Final\hibernate-validator-6.0.18.Final.jar;C:\partage\repo\org\springframework\spring-web\5.2.2.RELEASE\spring-web-5.2.2.RELEASE.jar;C:\partage\repo\org\springframework\spring-beans\5.2.2.RELEASE\spring-beans-5.2.2.RELEASE.jar;C:\partage\repo\org\springframework\spring-webmvc\5.2.2.RELEASE\spring-webmvc-5.2.2.RELEASE.jar;C:\partage\repo\org\springframework\spring-aop\5.2.2.RELEASE\spring-aop-5.2.2.RELEASE.jar;C:\partage\repo\org\springframework\spring-context\5.2.2.RELEASE\spring-context-5.2.2.RELEASE.jar;C:\partage\repo\org\springframework\spring-expression\5.2.2.RELEASE\spring-expression-5.2.2.RELEASE.jar;C:\partage\repo\org\springframework\boot\spring-boot-devtools\2.2.2.RELEASE\spring-boot-devtools-2.2.2.RELEASE.jar;C:\partage\repo\org\springframework\boot\spring-boot\2.2.2.RELEASE\spring-boot-2.2.2.RELEASE.jar;C:\partage\repo\org\springframework\boot\spring-boot-autoconfigure\2.2.2.RELEASE\spring-boot-autoconfigure-2.2.2.RELEASE.jar;C:\partage\repo\org\springframework\boot\spring-boot-starter-oauth2-resource-server\2.2.2.RELEASE\spring-boot-starter-oauth2-resource-server-2.2.2.RELEASE.jar;C:\partage\repo\org\springframework\security\spring-security-config\5.2.1.RELEASE\spring-security-config-5.2.1.RELEASE.jar;C:\partage\repo\org\springframework\security\spring-security-core\5.2.1.RELEASE\spring-security-core-5.2.1.RELEASE.jar;C:\partage\repo\org\springframework\security\spring-security-oauth2-resource-server\5.2.1.RELEASE\spring-security-oauth2-resource-server-5.2.1.RELEASE.jar;C:\partage\repo\org\springframework\security\spring-security-oauth2-core\5.2.1.RELEASE\spring-security-oauth2-core-5.2.1.RELEASE.jar;C:\partage\repo\org\springframework\security\spring-security-web\5.2.1.RELEASE\spring-security-web-5.2.1.RELEASE.jar;C:\partage\repo\org\springframework\security\spring-security-oauth2-jose\5.2.1.RELEASE\spring-security-oauth2-jose-5.2.1.RELEASE.jar;C:\partage\repo\com\nimbusds\nimbus-jose-jwt\7.8\nimbus-jose-jwt-7.8.jar;C:\partage\repo\com\github\stephenc\jcip\jcip-annotations\1.0-1\jcip-annotations-1.0-1.jar;C:\partage\repo\org\springframework\boot\spring-boot-starter-data-jpa\2.2.2.RELEASE\spring-boot-starter-data-jpa-2.2.2.RELEASE.jar;C:\partage\repo\org\springframework\boot\spring-boot-starter-aop\2.2.2.RELEASE\spring-boot-starter-aop-2.2.2.RELEASE.jar;C:\partage\repo\org\aspectj\aspectjweaver\1.9.5\aspectjweaver-1.9.5.jar;C:\partage\repo\org\springframework\boot\spring-boot-starter-jdbc\2.2.2.RELEASE\spring-boot-starter-jdbc-2.2.2.RELEASE.jar;C:\partage\repo\com\zaxxer\HikariCP\3.4.1\HikariCP-3.4.1.jar;C:\partage\repo\org\springframework\spring-jdbc\5.2.2.RELEASE\spring-jdbc-5.2.2.RELEASE.jar;C:\partage\repo\jakarta\activation\jakarta.activation-api\1.2.1\jakarta.activation-api-1.2.1.jar;C:\partage\repo\jakarta\persistence\jakarta.persistence-api\2.2.3\jakarta.persistence-api-2.2.3.jar;C:\partage\repo\jakarta\transaction\jakarta.transaction-api\1.3.3\jakarta.transaction-api-1.3.3.jar;C:\partage\repo\org\hibernate\hibernate-core\5.4.9.Final\hibernate-core-5.4.9.Final.jar;C:\partage\repo\org\jboss\logging\jboss-logging\3.4.1.Final\jboss-logging-3.4.1.Final.jar;C:\partage\repo\org\javassist\javassist\3.24.0-GA\javassist-3.24.0-GA.jar;C:\partage\repo\net\bytebuddy\byte-buddy\1.10.4\byte-buddy-1.10.4.jar;C:\partage\repo\antlr\antlr\2.7.7\antlr-2.7.7.jar;C:\partage\repo\org\jboss\jandex\2.1.1.Final\jandex-2.1.1.Final.jar;C:\partage\repo\com\fasterxml\classmate\1.5.1\classmate-1.5.1.jar;C:\partage\repo\org\dom4j\dom4j\2.1.1\dom4j-2.1.1.jar;C:\partage\repo\org\hibernate\common\hibernate-commons-annotations\5.1.0.Final\hibernate-commons-annotations-5.1.0.Final.jar;C:\partage\repo\org\glassfish\jaxb\jaxb-runtime\2.3.2\jaxb-runtime-2.3.2.jar;C:\partage\repo\org\glassfish\jaxb\txw2\2.3.2\txw2-2.3.2.jar;C:\partage\repo\com\sun\istack\istack-commons-runtime\3.0.8\istack-commons-runtime-3.0.8.jar;C:\partage\repo\org\jvnet\staxex\stax-ex\1.8.1\stax-ex-1.8.1.jar;C:\partage\repo\com\sun\xml\fastinfoset\FastInfoset\1.2.16\FastInfoset-1.2.16.jar;C:\partage\repo\org\springframework\data\spring-data-jpa\2.2.3.RELEASE\spring-data-jpa-2.2.3.RELEASE.jar;C:\partage\repo\org\springframework\data\spring-data-commons\2.2.3.RELEASE\spring-data-commons-2.2.3.RELEASE.jar;C:\partage\repo\org\springframework\spring-orm\5.2.2.RELEASE\spring-orm-5.2.2.RELEASE.jar;C:\partage\repo\org\springframework\spring-tx\5.2.2.RELEASE\spring-tx-5.2.2.RELEASE.jar;C:\partage\repo\org\slf4j\slf4j-api\1.7.29\slf4j-api-1.7.29.jar;C:\partage\repo\org\springframework\spring-aspects\5.2.2.RELEASE\spring-aspects-5.2.2.RELEASE.jar;C:\partage\repo\com\h2database\h2\1.4.200\h2-1.4.200.jar;C:\partage\repo\org\springdoc\springdoc-openapi-ui\1.3.9\springdoc-openapi-ui-1.3.9.jar;C:\partage\repo\org\springdoc\springdoc-openapi-webmvc-core\1.3.9\springdoc-openapi-webmvc-core-1.3.9.jar;C:\partage\repo\org\webjars\swagger-ui\3.25.1\swagger-ui-3.25.1.jar;C:\partage\repo\org\webjars\webjars-locator-core\0.41\webjars-locator-core-0.41.jar;C:\partage\repo\io\github\classgraph\classgraph\4.8.44\classgraph-4.8.44.jar;C:\partage\repo\com\fasterxml\jackson\core\jackson-core\2.10.1\jackson-core-2.10.1.jar;C:\partage\repo\org\webjars\npm\angular__http\2.4.10\angular__http-2.4.10.jar;C:\partage\repo\org\springdoc\springdoc-openapi-security\1.3.9\springdoc-openapi-security-1.3.9.jar;C:\partage\repo\org\springdoc\springdoc-openapi-common\1.3.9\springdoc-openapi-common-1.3.9.jar;C:\partage\repo\io\swagger\core\v3\swagger-models\2.1.2\swagger-models-2.1.2.jar;C:\partage\repo\io\swagger\core\v3\swagger-annotations\2.1.2\swagger-annotations-2.1.2.jar;C:\partage\repo\io\swagger\core\v3\swagger-integration\2.1.2\swagger-integration-2.1.2.jar;C:\partage\repo\io\swagger\core\v3\swagger-core\2.1.2\swagger-core-2.1.2.jar;C:\partage\repo\com\fasterxml\jackson\dataformat\jackson-dataformat-yaml\2.10.1\jackson-dataformat-yaml-2.10.1.jar;C:\partage\repo\org\apache\commons\commons-lang3\3.9\commons-lang3-3.9.jar;C:\partage\repo\org\springframework\boot\spring-boot-starter-test\2.2.2.RELEASE\spring-boot-starter-test-2.2.2.RELEASE.jar;C:\partage\repo\org\springframework\boot\spring-boot-test\2.2.2.RELEASE\spring-boot-test-2.2.2.RELEASE.jar;C:\partage\repo\org\springframework\boot\spring-boot-test-autoconfigure\2.2.2.RELEASE\spring-boot-test-autoconfigure-2.2.2.RELEASE.jar;C:\partage\repo\com\jayway\jsonpath\json-path\2.4.0\json-path-2.4.0.jar;C:\partage\repo\net\minidev\json-smart\2.3\json-smart-2.3.jar;C:\partage\repo\net\minidev\accessors-smart\1.2\accessors-smart-1.2.jar;C:\partage\repo\org\ow2\asm\asm\5.0.4\asm-5.0.4.jar;C:\partage\repo\jakarta\xml\bind\jakarta.xml.bind-api\2.3.2\jakarta.xml.bind-api-2.3.2.jar;C:\partage\repo\org\junit\jupiter\junit-jupiter\5.5.2\junit-jupiter-5.5.2.jar;C:\partage\repo\org\junit\jupiter\junit-jupiter-api\5.5.2\junit-jupiter-api-5.5.2.jar;C:\partage\repo\org\opentest4j\opentest4j\1.2.0\opentest4j-1.2.0.jar;C:\partage\repo\org\junit\platform\junit-platform-commons\1.5.2\junit-platform-commons-1.5.2.jar;C:\partage\repo\org\junit\jupiter\junit-jupiter-params\5.5.2\junit-jupiter-params-5.5.2.jar;C:\partage\repo\org\junit\jupiter\junit-jupiter-engine\5.5.2\junit-jupiter-engine-5.5.2.jar;C:\partage\repo\org\junit\vintage\junit-vintage-engine\5.5.2\junit-vintage-engine-5.5.2.jar;C:\partage\repo\org\apiguardian\apiguardian-api\1.1.0\apiguardian-api-1.1.0.jar;C:\partage\repo\org\junit\platform\junit-platform-engine\1.5.2\junit-platform-engine-1.5.2.jar;C:\partage\repo\junit\junit\4.12\junit-4.12.jar;C:\partage\repo\org\mockito\mockito-junit-jupiter\3.1.0\mockito-junit-jupiter-3.1.0.jar;C:\partage\repo\org\assertj\assertj-core\3.13.2\assertj-core-3.13.2.jar;C:\partage\repo\org\hamcrest\hamcrest\2.1\hamcrest-2.1.jar;C:\partage\repo\org\mockito\mockito-core\3.1.0\mockito-core-3.1.0.jar;C:\partage\repo\net\bytebuddy\byte-buddy-agent\1.10.4\byte-buddy-agent-1.10.4.jar;C:\partage\repo\org\objenesis\objenesis\2.6\objenesis-2.6.jar;C:\partage\repo\org\skyscreamer\jsonassert\1.5.0\jsonassert-1.5.0.jar;C:\partage\repo\com\vaadin\external\google\android-json\0.0.20131108.vaadin1\android-json-0.0.20131108.vaadin1.jar;C:\partage\repo\org\springframework\spring-core\5.2.2.RELEASE\spring-core-5.2.2.RELEASE.jar;C:\partage\repo\org\springframework\spring-jcl\5.2.2.RELEASE\spring-jcl-5.2.2.RELEASE.jar;C:\partage\repo\org\springframework\spring-test\5.2.2.RELEASE\spring-test-5.2.2.RELEASE.jar;C:\partage\repo\org\xmlunit\xmlunit-core\2.6.3\xmlunit-core-2.6.3.jar;C:\partage\repo\io\rest-assured\rest-assured\3.3.0\rest-assured-3.3.0.jar;C:\partage\repo\org\codehaus\groovy\groovy\2.5.8\groovy-2.5.8.jar;C:\partage\repo\org\codehaus\groovy\groovy-xml\2.5.8\groovy-xml-2.5.8.jar;C:\partage\repo\org\apache\httpcomponents\httpclient\4.5.10\httpclient-4.5.10.jar;C:\partage\repo\org\apache\httpcomponents\httpcore\4.4.12\httpcore-4.4.12.jar;C:\partage\repo\commons-codec\commons-codec\1.13\commons-codec-1.13.jar;C:\partage\repo\org\apache\httpcomponents\httpmime\4.5.10\httpmime-4.5.10.jar;C:\partage\repo\org\hamcrest\hamcrest-core\2.1\hamcrest-core-2.1.jar;C:\partage\repo\org\hamcrest\hamcrest-library\2.1\hamcrest-library-2.1.jar;C:\partage\repo\org\ccil\cowan\tagsoup\tagsoup\1.2.1\tagsoup-1.2.1.jar;C:\partage\repo\io\rest-assured\json-path\3.3.0\json-path-3.3.0.jar;C:\partage\repo\org\codehaus\groovy\groovy-json\2.5.8\groovy-json-2.5.8.jar;C:\partage\repo\io\rest-assured\rest-assured-common\3.3.0\rest-assured-common-3.3.0.jar;C:\partage\repo\io\rest-assured\xml-path\3.3.0\xml-path-3.3.0.jar;C:\partage\repo\javax\xml\bind\jaxb-api\2.3.1\jaxb-api-2.3.1.jar;C:\partage\repo\javax\activation\javax.activation-api\1.2.0\javax.activation-api-1.2.0.jar;C:\partage\repo\com\sun\xml\bind\jaxb-osgi\2.2.10\jaxb-osgi-2.2.10.jar;C:\partage\repo\org\apache\sling\org.apache.sling.javax.activation\0.1.0\org.apache.sling.javax.activation-0.1.0.jar;C:\partage\repo\javax\activation\activation\1.1.1\activation-1.1.1.jar;"/>
    <property name="java.vm.vendor" value="Oracle Corporation"/>
    <property name="sun.arch.data.model" value="64"/>
    <property name="user.variant" value=""/>
    <property name="java.vendor.url" value="http://java.oracle.com/"/>
    <property name="user.timezone" value="Europe/Paris"/>
    <property name="java.vm.specification.version" value="1.8"/>
    <property name="os.name" value="Windows 10"/>
    <property name="user.country" value="FR"/>
    <property name="sun.java.launcher" value="SUN_STANDARD"/>
    <property name="sun.boot.library.path" value="C:\Program Files\Java\jdk1.8.0_201\jre\bin"/>
    <property name="sun.java.command" value="C:\Users\badrn\AppData\Local\Temp\surefire4195760029031101138\surefirebooter4859373932245049026.jar C:\Users\badrn\AppData\Local\Temp\surefire4195760029031101138 2020-05-08T23-13-05_126-jvmRun1 surefire1643669054019182715tmp surefire_13238590281956654798tmp"/>
    <property name="surefire.test.class.path" value="C:\partage\workspaces\workspace-ddd\spring-doc-review\springdoc-openapi-demos\sample-springdoc-openapi-oauth2\oauth-resource-server\target\test-classes;C:\partage\workspaces\workspace-ddd\spring-doc-review\springdoc-openapi-demos\sample-springdoc-openapi-oauth2\oauth-resource-server\target\classes;C:\partage\repo\org\springframework\boot\spring-boot-starter-web\2.2.2.RELEASE\spring-boot-starter-web-2.2.2.RELEASE.jar;C:\partage\repo\org\springframework\boot\spring-boot-starter\2.2.2.RELEASE\spring-boot-starter-2.2.2.RELEASE.jar;C:\partage\repo\org\springframework\boot\spring-boot-starter-logging\2.2.2.RELEASE\spring-boot-starter-logging-2.2.2.RELEASE.jar;C:\partage\repo\ch\qos\logback\logback-classic\1.2.3\logback-classic-1.2.3.jar;C:\partage\repo\ch\qos\logback\logback-core\1.2.3\logback-core-1.2.3.jar;C:\partage\repo\org\apache\logging\log4j\log4j-to-slf4j\2.12.1\log4j-to-slf4j-2.12.1.jar;C:\partage\repo\org\apache\logging\log4j\log4j-api\2.12.1\log4j-api-2.12.1.jar;C:\partage\repo\org\slf4j\jul-to-slf4j\1.7.29\jul-to-slf4j-1.7.29.jar;C:\partage\repo\jakarta\annotation\jakarta.annotation-api\1.3.5\jakarta.annotation-api-1.3.5.jar;C:\partage\repo\org\yaml\snakeyaml\1.25\snakeyaml-1.25.jar;C:\partage\repo\org\springframework\boot\spring-boot-starter-json\2.2.2.RELEASE\spring-boot-starter-json-2.2.2.RELEASE.jar;C:\partage\repo\com\fasterxml\jackson\core\jackson-databind\2.10.1\jackson-databind-2.10.1.jar;C:\partage\repo\com\fasterxml\jackson\core\jackson-annotations\2.10.1\jackson-annotations-2.10.1.jar;C:\partage\repo\com\fasterxml\jackson\datatype\jackson-datatype-jdk8\2.10.1\jackson-datatype-jdk8-2.10.1.jar;C:\partage\repo\com\fasterxml\jackson\datatype\jackson-datatype-jsr310\2.10.1\jackson-datatype-jsr310-2.10.1.jar;C:\partage\repo\com\fasterxml\jackson\module\jackson-module-parameter-names\2.10.1\jackson-module-parameter-names-2.10.1.jar;C:\partage\repo\org\springframework\boot\spring-boot-starter-tomcat\2.2.2.RELEASE\spring-boot-starter-tomcat-2.2.2.RELEASE.jar;C:\partage\repo\org\apache\tomcat\embed\tomcat-embed-core\9.0.29\tomcat-embed-core-9.0.29.jar;C:\partage\repo\org\apache\tomcat\embed\tomcat-embed-el\9.0.29\tomcat-embed-el-9.0.29.jar;C:\partage\repo\org\apache\tomcat\embed\tomcat-embed-websocket\9.0.29\tomcat-embed-websocket-9.0.29.jar;C:\partage\repo\org\springframework\boot\spring-boot-starter-validation\2.2.2.RELEASE\spring-boot-starter-validation-2.2.2.RELEASE.jar;C:\partage\repo\jakarta\validation\jakarta.validation-api\2.0.1\jakarta.validation-api-2.0.1.jar;C:\partage\repo\org\hibernate\validator\hibernate-validator\6.0.18.Final\hibernate-validator-6.0.18.Final.jar;C:\partage\repo\org\springframework\spring-web\5.2.2.RELEASE\spring-web-5.2.2.RELEASE.jar;C:\partage\repo\org\springframework\spring-beans\5.2.2.RELEASE\spring-beans-5.2.2.RELEASE.jar;C:\partage\repo\org\springframework\spring-webmvc\5.2.2.RELEASE\spring-webmvc-5.2.2.RELEASE.jar;C:\partage\repo\org\springframework\spring-aop\5.2.2.RELEASE\spring-aop-5.2.2.RELEASE.jar;C:\partage\repo\org\springframework\spring-context\5.2.2.RELEASE\spring-context-5.2.2.RELEASE.jar;C:\partage\repo\org\springframework\spring-expression\5.2.2.RELEASE\spring-expression-5.2.2.RELEASE.jar;C:\partage\repo\org\springframework\boot\spring-boot-devtools\2.2.2.RELEASE\spring-boot-devtools-2.2.2.RELEASE.jar;C:\partage\repo\org\springframework\boot\spring-boot\2.2.2.RELEASE\spring-boot-2.2.2.RELEASE.jar;C:\partage\repo\org\springframework\boot\spring-boot-autoconfigure\2.2.2.RELEASE\spring-boot-autoconfigure-2.2.2.RELEASE.jar;C:\partage\repo\org\springframework\boot\spring-boot-starter-oauth2-resource-server\2.2.2.RELEASE\spring-boot-starter-oauth2-resource-server-2.2.2.RELEASE.jar;C:\partage\repo\org\springframework\security\spring-security-config\5.2.1.RELEASE\spring-security-config-5.2.1.RELEASE.jar;C:\partage\repo\org\springframework\security\spring-security-core\5.2.1.RELEASE\spring-security-core-5.2.1.RELEASE.jar;C:\partage\repo\org\springframework\security\spring-security-oauth2-resource-server\5.2.1.RELEASE\spring-security-oauth2-resource-server-5.2.1.RELEASE.jar;C:\partage\repo\org\springframework\security\spring-security-oauth2-core\5.2.1.RELEASE\spring-security-oauth2-core-5.2.1.RELEASE.jar;C:\partage\repo\org\springframework\security\spring-security-web\5.2.1.RELEASE\spring-security-web-5.2.1.RELEASE.jar;C:\partage\repo\org\springframework\security\spring-security-oauth2-jose\5.2.1.RELEASE\spring-security-oauth2-jose-5.2.1.RELEASE.jar;C:\partage\repo\com\nimbusds\nimbus-jose-jwt\7.8\nimbus-jose-jwt-7.8.jar;C:\partage\repo\com\github\stephenc\jcip\jcip-annotations\1.0-1\jcip-annotations-1.0-1.jar;C:\partage\repo\org\springframework\boot\spring-boot-starter-data-jpa\2.2.2.RELEASE\spring-boot-starter-data-jpa-2.2.2.RELEASE.jar;C:\partage\repo\org\springframework\boot\spring-boot-starter-aop\2.2.2.RELEASE\spring-boot-starter-aop-2.2.2.RELEASE.jar;C:\partage\repo\org\aspectj\aspectjweaver\1.9.5\aspectjweaver-1.9.5.jar;C:\partage\repo\org\springframework\boot\spring-boot-starter-jdbc\2.2.2.RELEASE\spring-boot-starter-jdbc-2.2.2.RELEASE.jar;C:\partage\repo\com\zaxxer\HikariCP\3.4.1\HikariCP-3.4.1.jar;C:\partage\repo\org\springframework\spring-jdbc\5.2.2.RELEASE\spring-jdbc-5.2.2.RELEASE.jar;C:\partage\repo\jakarta\activation\jakarta.activation-api\1.2.1\jakarta.activation-api-1.2.1.jar;C:\partage\repo\jakarta\persistence\jakarta.persistence-api\2.2.3\jakarta.persistence-api-2.2.3.jar;C:\partage\repo\jakarta\transaction\jakarta.transaction-api\1.3.3\jakarta.transaction-api-1.3.3.jar;C:\partage\repo\org\hibernate\hibernate-core\5.4.9.Final\hibernate-core-5.4.9.Final.jar;C:\partage\repo\org\jboss\logging\jboss-logging\3.4.1.Final\jboss-logging-3.4.1.Final.jar;C:\partage\repo\org\javassist\javassist\3.24.0-GA\javassist-3.24.0-GA.jar;C:\partage\repo\net\bytebuddy\byte-buddy\1.10.4\byte-buddy-1.10.4.jar;C:\partage\repo\antlr\antlr\2.7.7\antlr-2.7.7.jar;C:\partage\repo\org\jboss\jandex\2.1.1.Final\jandex-2.1.1.Final.jar;C:\partage\repo\com\fasterxml\classmate\1.5.1\classmate-1.5.1.jar;C:\partage\repo\org\dom4j\dom4j\2.1.1\dom4j-2.1.1.jar;C:\partage\repo\org\hibernate\common\hibernate-commons-annotations\5.1.0.Final\hibernate-commons-annotations-5.1.0.Final.jar;C:\partage\repo\org\glassfish\jaxb\jaxb-runtime\2.3.2\jaxb-runtime-2.3.2.jar;C:\partage\repo\org\glassfish\jaxb\txw2\2.3.2\txw2-2.3.2.jar;C:\partage\repo\com\sun\istack\istack-commons-runtime\3.0.8\istack-commons-runtime-3.0.8.jar;C:\partage\repo\org\jvnet\staxex\stax-ex\1.8.1\stax-ex-1.8.1.jar;C:\partage\repo\com\sun\xml\fastinfoset\FastInfoset\1.2.16\FastInfoset-1.2.16.jar;C:\partage\repo\org\springframework\data\spring-data-jpa\2.2.3.RELEASE\spring-data-jpa-2.2.3.RELEASE.jar;C:\partage\repo\org\springframework\data\spring-data-commons\2.2.3.RELEASE\spring-data-commons-2.2.3.RELEASE.jar;C:\partage\repo\org\springframework\spring-orm\5.2.2.RELEASE\spring-orm-5.2.2.RELEASE.jar;C:\partage\repo\org\springframework\spring-tx\5.2.2.RELEASE\spring-tx-5.2.2.RELEASE.jar;C:\partage\repo\org\slf4j\slf4j-api\1.7.29\slf4j-api-1.7.29.jar;C:\partage\repo\org\springframework\spring-aspects\5.2.2.RELEASE\spring-aspects-5.2.2.RELEASE.jar;C:\partage\repo\com\h2database\h2\1.4.200\h2-1.4.200.jar;C:\partage\repo\org\springdoc\springdoc-openapi-ui\1.3.9\springdoc-openapi-ui-1.3.9.jar;C:\partage\repo\org\springdoc\springdoc-openapi-webmvc-core\1.3.9\springdoc-openapi-webmvc-core-1.3.9.jar;C:\partage\repo\org\webjars\swagger-ui\3.25.1\swagger-ui-3.25.1.jar;C:\partage\repo\org\webjars\webjars-locator-core\0.41\webjars-locator-core-0.41.jar;C:\partage\repo\io\github\classgraph\classgraph\4.8.44\classgraph-4.8.44.jar;C:\partage\repo\com\fasterxml\jackson\core\jackson-core\2.10.1\jackson-core-2.10.1.jar;C:\partage\repo\org\webjars\npm\angular__http\2.4.10\angular__http-2.4.10.jar;C:\partage\repo\org\springdoc\springdoc-openapi-security\1.3.9\springdoc-openapi-security-1.3.9.jar;C:\partage\repo\org\springdoc\springdoc-openapi-common\1.3.9\springdoc-openapi-common-1.3.9.jar;C:\partage\repo\io\swagger\core\v3\swagger-models\2.1.2\swagger-models-2.1.2.jar;C:\partage\repo\io\swagger\core\v3\swagger-annotations\2.1.2\swagger-annotations-2.1.2.jar;C:\partage\repo\io\swagger\core\v3\swagger-integration\2.1.2\swagger-integration-2.1.2.jar;C:\partage\repo\io\swagger\core\v3\swagger-core\2.1.2\swagger-core-2.1.2.jar;C:\partage\repo\com\fasterxml\jackson\dataformat\jackson-dataformat-yaml\2.10.1\jackson-dataformat-yaml-2.10.1.jar;C:\partage\repo\org\apache\commons\commons-lang3\3.9\commons-lang3-3.9.jar;C:\partage\repo\org\springframework\boot\spring-boot-starter-test\2.2.2.RELEASE\spring-boot-starter-test-2.2.2.RELEASE.jar;C:\partage\repo\org\springframework\boot\spring-boot-test\2.2.2.RELEASE\spring-boot-test-2.2.2.RELEASE.jar;C:\partage\repo\org\springframework\boot\spring-boot-test-autoconfigure\2.2.2.RELEASE\spring-boot-test-autoconfigure-2.2.2.RELEASE.jar;C:\partage\repo\com\jayway\jsonpath\json-path\2.4.0\json-path-2.4.0.jar;C:\partage\repo\net\minidev\json-smart\2.3\json-smart-2.3.jar;C:\partage\repo\net\minidev\accessors-smart\1.2\accessors-smart-1.2.jar;C:\partage\repo\org\ow2\asm\asm\5.0.4\asm-5.0.4.jar;C:\partage\repo\jakarta\xml\bind\jakarta.xml.bind-api\2.3.2\jakarta.xml.bind-api-2.3.2.jar;C:\partage\repo\org\junit\jupiter\junit-jupiter\5.5.2\junit-jupiter-5.5.2.jar;C:\partage\repo\org\junit\jupiter\junit-jupiter-api\5.5.2\junit-jupiter-api-5.5.2.jar;C:\partage\repo\org\opentest4j\opentest4j\1.2.0\opentest4j-1.2.0.jar;C:\partage\repo\org\junit\platform\junit-platform-commons\1.5.2\junit-platform-commons-1.5.2.jar;C:\partage\repo\org\junit\jupiter\junit-jupiter-params\5.5.2\junit-jupiter-params-5.5.2.jar;C:\partage\repo\org\junit\jupiter\junit-jupiter-engine\5.5.2\junit-jupiter-engine-5.5.2.jar;C:\partage\repo\org\junit\vintage\junit-vintage-engine\5.5.2\junit-vintage-engine-5.5.2.jar;C:\partage\repo\org\apiguardian\apiguardian-api\1.1.0\apiguardian-api-1.1.0.jar;C:\partage\repo\org\junit\platform\junit-platform-engine\1.5.2\junit-platform-engine-1.5.2.jar;C:\partage\repo\junit\junit\4.12\junit-4.12.jar;C:\partage\repo\org\mockito\mockito-junit-jupiter\3.1.0\mockito-junit-jupiter-3.1.0.jar;C:\partage\repo\org\assertj\assertj-core\3.13.2\assertj-core-3.13.2.jar;C:\partage\repo\org\hamcrest\hamcrest\2.1\hamcrest-2.1.jar;C:\partage\repo\org\mockito\mockito-core\3.1.0\mockito-core-3.1.0.jar;C:\partage\repo\net\bytebuddy\byte-buddy-agent\1.10.4\byte-buddy-agent-1.10.4.jar;C:\partage\repo\org\objenesis\objenesis\2.6\objenesis-2.6.jar;C:\partage\repo\org\skyscreamer\jsonassert\1.5.0\jsonassert-1.5.0.jar;C:\partage\repo\com\vaadin\external\google\android-json\0.0.20131108.vaadin1\android-json-0.0.20131108.vaadin1.jar;C:\partage\repo\org\springframework\spring-core\5.2.2.RELEASE\spring-core-5.2.2.RELEASE.jar;C:\partage\repo\org\springframework\spring-jcl\5.2.2.RELEASE\spring-jcl-5.2.2.RELEASE.jar;C:\partage\repo\org\springframework\spring-test\5.2.2.RELEASE\spring-test-5.2.2.RELEASE.jar;C:\partage\repo\org\xmlunit\xmlunit-core\2.6.3\xmlunit-core-2.6.3.jar;C:\partage\repo\io\rest-assured\rest-assured\3.3.0\rest-assured-3.3.0.jar;C:\partage\repo\org\codehaus\groovy\groovy\2.5.8\groovy-2.5.8.jar;C:\partage\repo\org\codehaus\groovy\groovy-xml\2.5.8\groovy-xml-2.5.8.jar;C:\partage\repo\org\apache\httpcomponents\httpclient\4.5.10\httpclient-4.5.10.jar;C:\partage\repo\org\apache\httpcomponents\httpcore\4.4.12\httpcore-4.4.12.jar;C:\partage\repo\commons-codec\commons-codec\1.13\commons-codec-1.13.jar;C:\partage\repo\org\apache\httpcomponents\httpmime\4.5.10\httpmime-4.5.10.jar;C:\partage\repo\org\hamcrest\hamcrest-core\2.1\hamcrest-core-2.1.jar;C:\partage\repo\org\hamcrest\hamcrest-library\2.1\hamcrest-library-2.1.jar;C:\partage\repo\org\ccil\cowan\tagsoup\tagsoup\1.2.1\tagsoup-1.2.1.jar;C:\partage\repo\io\rest-assured\json-path\3.3.0\json-path-3.3.0.jar;C:\partage\repo\org\codehaus\groovy\groovy-json\2.5.8\groovy-json-2.5.8.jar;C:\partage\repo\io\rest-assured\rest-assured-common\3.3.0\rest-assured-common-3.3.0.jar;C:\partage\repo\io\rest-assured\xml-path\3.3.0\xml-path-3.3.0.jar;C:\partage\repo\javax\xml\bind\jaxb-api\2.3.1\jaxb-api-2.3.1.jar;C:\partage\repo\javax\activation\javax.activation-api\1.2.0\javax.activation-api-1.2.0.jar;C:\partage\repo\com\sun\xml\bind\jaxb-osgi\2.2.10\jaxb-osgi-2.2.10.jar;C:\partage\repo\org\apache\sling\org.apache.sling.javax.activation\0.1.0\org.apache.sling.javax.activation-0.1.0.jar;C:\partage\repo\javax\activation\activation\1.1.1\activation-1.1.1.jar;"/>
    <property name="sun.cpu.endian" value="little"/>
    <property name="user.home" value="C:\Users\badrn"/>
    <property name="user.language" value="fr"/>
    <property name="java.specification.vendor" value="Oracle Corporation"/>
    <property name="java.home" value="C:\Program Files\Java\jdk1.8.0_201\jre"/>
    <property name="basedir" value="C:\partage\workspaces\workspace-ddd\spring-doc-review\springdoc-openapi-demos\sample-springdoc-openapi-oauth2\oauth-resource-server"/>
    <property name="file.separator" value="\"/>
    <property name="line.separator" value="&#10;"/>
    <property name="java.vm.specification.vendor" value="Oracle Corporation"/>
    <property name="java.specification.name" value="Java Platform API Specification"/>
    <property name="java.awt.graphicsenv" value="sun.awt.Win32GraphicsEnvironment"/>
    <property name="surefire.real.class.path" value="C:\Users\badrn\AppData\Local\Temp\surefire4195760029031101138\surefirebooter4859373932245049026.jar"/>
    <property name="sun.boot.class.path" value="C:\Program Files\Java\jdk1.8.0_201\jre\lib\resources.jar;C:\Program Files\Java\jdk1.8.0_201\jre\lib\rt.jar;C:\Program Files\Java\jdk1.8.0_201\jre\lib\sunrsasign.jar;C:\Program Files\Java\jdk1.8.0_201\jre\lib\jsse.jar;C:\Program Files\Java\jdk1.8.0_201\jre\lib\jce.jar;C:\Program Files\Java\jdk1.8.0_201\jre\lib\charsets.jar;C:\Program Files\Java\jdk1.8.0_201\jre\lib\jfr.jar;C:\Program Files\Java\jdk1.8.0_201\jre\classes"/>
    <property name="user.script" value=""/>
    <property name="sun.management.compiler" value="HotSpot 64-Bit Tiered Compilers"/>
    <property name="java.runtime.version" value="1.8.0_201-b09"/>
    <property name="user.name" value="badrn"/>
    <property name="path.separator" value=";"/>
    <property name="os.version" value="10.0"/>
    <property name="java.endorsed.dirs" value="C:\Program Files\Java\jdk1.8.0_201\jre\lib\endorsed"/>
    <property name="java.runtime.name" value="Java(TM) SE Runtime Environment"/>
    <property name="file.encoding" value="Cp1252"/>
    <property name="java.vm.name" value="Java HotSpot(TM) 64-Bit Server VM"/>
    <property name="localRepository" value="C:\partage\repo"/>
    <property name="java.vendor.url.bug" value="http://bugreport.sun.com/bugreport/"/>
    <property name="java.io.tmpdir" value="C:\Users\badrn\AppData\Local\Temp\"/>
    <property name="java.version" value="1.8.0_201"/>
    <property name="user.dir" value="C:\partage\workspaces\workspace-ddd\spring-doc-review\springdoc-openapi-demos\sample-springdoc-openapi-oauth2\oauth-resource-server"/>
    <property name="os.arch" value="amd64"/>
    <property name="java.vm.specification.name" value="Java Virtual Machine Specification"/>
    <property name="java.awt.printerjob" value="sun.awt.windows.WPrinterJob"/>
    <property name="sun.os.patch.level" value=""/>
    <property name="java.library.path" value="C:\Program Files\Java\jdk1.8.0_201\jre\bin;C:\WINDOWS\Sun\Java\bin;C:\WINDOWS\system32;C:\WINDOWS;C:\Program Files\Git\mingw64\bin;C:\Program Files\Git\usr\bin;C:\Users\badrn\bin;C:\ProgramData\DockerDesktop\version-bin;C:\Program Files\Docker\Docker\Resources\bin;C:\Program Files (x86)\Common Files\Oracle\Java\javapath;C:\Windows\System32;C:\Windows;C:\Windows\System32\wbem;C:\Windows\System32\WindowsPowerShell\v1.0;C:\Program Files (x86)\HP\HP Performance Advisor;C:\Program Files\Java\jdk1.8.0_201\bin;C:\Program Files\maven\apache-maven-3.6.0\bin;C:\Program Files\Git\cmd;C:\Windows\System32\OpenSSH;C:\Program Files (x86)\Yarn\bin;C:\Program Files\nodejs;C:\Program Files\IBM\Cloud\bin;C:\Program Files\Cloud Foundry;C:\Program Files (x86)\GnuPG\bin;C:\Program Files\OpenVPN\bin;C:\Program Files\helm\windows-amd64;C:\Program Files\Intel\WiFi\bin;C:\Program Files\Common Files\Intel\WirelessCommon;C:\HashiCorp\Vagrant\bin;C:\Program Files\gradle\gradle-6.1.1\bin;C:\Program Files (x86)\Intel\Intel(R) Management Engine Components\DAL;C:\Program Files\Intel\Intel(R) Management Engine Components\DAL;C:\Ruby26-x64\bin;C:\Users\badrn\AppData\Local\Microsoft\WindowsApps;C:\Program Files (x86)\ffmpeg\bin;C:\Program Files\Intel\WiFi\bin;C:\Program Files\Common Files\Intel\WirelessCommon;C:\Users\badrn\AppData\Local\Yarn\bin;C:\Users\badrn\AppData\Roaming\npm;C:\Users\badrn\AppData\Local\Microsoft\WindowsApps;C:\Program Files\BIND9.16.1.x64;."/>
    <property name="java.vm.info" value="mixed mode"/>
    <property name="java.vendor" value="Oracle Corporation"/>
    <property name="java.vm.version" value="25.201-b09"/>
    <property name="java.ext.dirs" value="C:\Program Files\Java\jdk1.8.0_201\jre\lib\ext;C:\WINDOWS\Sun\Java\lib\ext"/>
    <property name="sun.io.unicode.encoding" value="UnicodeLittle"/>
    <property name="java.class.version" value="52.0"/>
  </properties>
  <testcase name="whenLoadApplication_thenSuccess" classname="org.springdoc.demo.resource.ContextIntegrationTest" time="0.107"/>
</testsuite>